============================= test session starts =============================
platform win32 -- Python 3.14.3, pytest-9.0.2, pluggy-1.6.0
PySide6 6.10.2 -- Qt runtime 6.10.2 -- Qt compiled 6.10.2
rootdir: D:\Projects\TraeProjects\skiller\.trae\skills\sanliu\backend
configfile: pytest.ini
plugins: asyncio-1.3.0, cov-7.0.0, anyio-4.12.1, base-url-2.1.0, mock-3.15.1, playwright-0.7.2, qt-4.5.0
asyncio: mode=Mode.AUTO, debug=False, asyncio_default_fixture_loop_scope=None, asyncio_default_test_loop_scope=function
collected 1084 items

tests\api\test_agents.py EEEEF...E.EFE..EEE..E.EFEEEFEF...EEEFEFEEF...EE [  3%]
F                                                                        [  4%]
tests\api\test_artifacts.py EEFFF..                                      [  4%]
tests\api\test_assignments.py EEEFEE...EEEEE.EFF......E                  [  6%]
tests\api\test_dashboard.py EFEEFEEE..FF.F.F....FF                       [  8%]
tests\api\test_departments.py EEFF.EEEFF.FEEFFFE.FE                      [ 10%]
tests\api\test_milestones.py EE.........E                                [ 11%]
tests\api\test_pipeline.py EEF..EEEFEEFEEE                               [ 12%]
tests\api\test_projects.py E.........E..E..E..EEEF.EEF...E.EFF.....EEF.  [ 16%]
tests\api\test_quality_monitor.py ...EE.........E.EE.........F.          [ 19%]
tests\api\test_reports.py .EEE..E                                        [ 19%]
tests\api\test_skill_calls.py EE.....E...EEEEEEEEFEEEE...EEEE......E.... [ 23%]
EFEEE                                                                    [ 23%]
tests\api\test_statistics.py EEEEEE.....                                 [ 24%]
tests\api\test_tasks.py ....E.E.FFF......EFEE.EEEFEEFEEFEEEEEEF          [ 27%]
tests\api\test_transparency.py EE..                                      [ 28%]
tests\api\test_workflow.py F.E..F.........                               [ 29%]
tests\benchmark\test_api_benchmark.py EEEEEEEEEEE.F.EFFE                 [ 31%]
tests\database\test_advanced_migrations.py .......F..EF.........E..EE... [ 33%]
.F..EEEF..E.F                                                            [ 34%]
tests\database\test_advanced_performance.py EEE.EEF..E.EEE..........EE   [ 37%]
tests\database\test_integrity.py F...EE..E....E..EFF..EEE...EEEF...E..EE [ 40%]
E.EE....EEEEE..EEEE....                                                  [ 42%]
tests\database\test_migrations.py EE..E.E...E.EEF...............E...FEF. [ 45%]
..                                                                       [ 46%]
tests\database\test_model_operations.py EE.EE..E...F.EF....F..EEFEEEFF.. [ 48%]
....E..EF...E........FE                                                  [ 50%]
tests\database\test_models.py EEF.....EEEF...EEEEEEEEEFEFEEEEEEFEF...FEF [ 54%]
.EE                                                                      [ 54%]
tests\database\test_performance.py E.EEEE..FEEEEF.FEEE                   [ 55%]
tests\models\test_project.py .EEEF.EEE.....EEF....EFE.EEF.E....E         [ 58%]
tests\regression\test_auth_regression.py F..FEEEEEEEEF.E....EF....       [ 61%]
tests\regression\test_project_regression.py .......F...........          [ 62%]
tests\regression\test_report_regression.py .......EEFF..FE.EF..          [ 64%]
tests\regression\test_task_regression.py FF...FEEFFF....EEE.E..EEFFEE    [ 66%]
tests\services\test_cache.py .......................                     [ 68%]
tests\services\test_pipeline_stage.py E.EEEF.E.....                      [ 69%]
tests\services\test_report_generator.py .EEF.E............               [ 71%]
tests\services\test_workflow_executor.py ..................              [ 73%]
tests\test_api_helpers.py ......EE...EEE.EEEF..E......                   [ 75%]
tests\test_integration.py ....F...........FEE                            [ 77%]
tests\test_main.py .EEE.EE...EE.E.EE...E.                                [ 79%]
tests\test_owasp_security.py .EEEEE............EE...E..EE.               [ 81%]
tests\test_performance.py FEFEFEEEFFF.F.FF                               [ 82%]
tests\test_pipeline_services.py ....EF.E...EE......E....                 [ 85%]
tests\test_report_services.py .FE.E....F......E......F..FFFF.....        [ 88%]
tests\test_security.py ...EE......E..EE.E.EEE.EEEEEEE..F.                [ 91%]
tests\test_sensitive_data_detection.py ..EEE..E..EEE.EE.......EE         [ 93%]
tests\test_services.py E.EEEF...EFEF.EEEEEF...................EE         [ 96%]
tests\test_workflow_services.py .......F...............FF.F.....F        [100%]

============================== warnings summary ===============================
app\config.py:9
  D:\Projects\TraeProjects\skiller\.trae\skills\sanliu\backend\app\config.py:9: PydanticDeprecatedSince20: Support for class-based `config` is deprecated, use ConfigDict instead. Deprecated in Pydantic V2.0 to be removed in V3.0. See Pydantic V2 Migration Guide at https://errors.pydantic.dev/2.12/migration/
    class Settings(BaseSettings):

app\services\api_helpers.py:123
  D:\Projects\TraeProjects\skiller\.trae\skills\sanliu\backend\app\services\api_helpers.py:123: PydanticDeprecatedSince20: Support for class-based `config` is deprecated, use ConfigDict instead. Deprecated in Pydantic V2.0 to be removed in V3.0. See Pydantic V2 Migration Guide at https://errors.pydantic.dev/2.12/migration/
    class ListResponse(BaseModel, Generic[T]):

app\models\base.py:9
  D:\Projects\TraeProjects\skiller\.trae\skills\sanliu\backend\app\models\base.py:9: MovedIn20Warning: The ``declarative_base()`` function is now available as sqlalchemy.orm.declarative_base(). (deprecated since: 2.0) (Background on SQLAlchemy 2.0 at: https://sqlalche.me/e/b8d9)
    Base = declarative_base()

app\api\skill_calls.py:32
  D:\Projects\TraeProjects\skiller\.trae\skills\sanliu\backend\app\api\skill_calls.py:32: PydanticDeprecatedSince20: Support for class-based `config` is deprecated, use ConfigDict instead. Deprecated in Pydantic V2.0 to be removed in V3.0. See Pydantic V2 Migration Guide at https://errors.pydantic.dev/2.12/migration/
    class SkillCallResponse(BaseModel):

app\api\agents.py:35
  D:\Projects\TraeProjects\skiller\.trae\skills\sanliu\backend\app\api\agents.py:35: PydanticDeprecatedSince20: Support for class-based `config` is deprecated, use ConfigDict instead. Deprecated in Pydantic V2.0 to be removed in V3.0. See Pydantic V2 Migration Guide at https://errors.pydantic.dev/2.12/migration/
    class AgentResponse(BaseModel):

app\api\assignments.py:27
  D:\Projects\TraeProjects\skiller\.trae\skills\sanliu\backend\app\api\assignments.py:27: PydanticDeprecatedSince20: Support for class-based `config` is deprecated, use ConfigDict instead. Deprecated in Pydantic V2.0 to be removed in V3.0. See Pydantic V2 Migration Guide at https://errors.pydantic.dev/2.12/migration/
    class AssignmentResponse(BaseModel):

app\api\projects.py:28
  D:\Projects\TraeProjects\skiller\.trae\skills\sanliu\backend\app\api\projects.py:28: PydanticDeprecatedSince20: Support for class-based `config` is deprecated, use ConfigDict instead. Deprecated in Pydantic V2.0 to be removed in V3.0. See Pydantic V2 Migration Guide at https://errors.pydantic.dev/2.12/migration/
    class ProjectResponse(BaseModel):

app\api\projects.py:70
  D:\Projects\TraeProjects\skiller\.trae\skills\sanliu\backend\app\api\projects.py:70: PydanticDeprecatedSince20: Support for class-based `config` is deprecated, use ConfigDict instead. Deprecated in Pydantic V2.0 to be removed in V3.0. See Pydantic V2 Migration Guide at https://errors.pydantic.dev/2.12/migration/
    class ProjectDetailResponse(BaseModel):

app\api\milestones.py:28
  D:\Projects\TraeProjects\skiller\.trae\skills\sanliu\backend\app\api\milestones.py:28: PydanticDeprecatedSince20: Support for class-based `config` is deprecated, use ConfigDict instead. Deprecated in Pydantic V2.0 to be removed in V3.0. See Pydantic V2 Migration Guide at https://errors.pydantic.dev/2.12/migration/
    class MilestoneResponse(BaseModel):

app\api\tasks.py:40
  D:\Projects\TraeProjects\skiller\.trae\skills\sanliu\backend\app\api\tasks.py:40: PydanticDeprecatedSince20: Support for class-based `config` is deprecated, use ConfigDict instead. Deprecated in Pydantic V2.0 to be removed in V3.0. See Pydantic V2 Migration Guide at https://errors.pydantic.dev/2.12/migration/
    class TaskResponse(BaseModel):

app\api\decision_logs.py:22
  D:\Projects\TraeProjects\skiller\.trae\skills\sanliu\backend\app\api\decision_logs.py:22: PydanticDeprecatedSince20: Support for class-based `config` is deprecated, use ConfigDict instead. Deprecated in Pydantic V2.0 to be removed in V3.0. See Pydantic V2 Migration Guide at https://errors.pydantic.dev/2.12/migration/
    class DecisionLogResponse(BaseModel):

app\api\input_output_traces.py:20
  D:\Projects\TraeProjects\skiller\.trae\skills\sanliu\backend\app\api\input_output_traces.py:20: PydanticDeprecatedSince20: Support for class-based `config` is deprecated, use ConfigDict instead. Deprecated in Pydantic V2.0 to be removed in V3.0. See Pydantic V2 Migration Guide at https://errors.pydantic.dev/2.12/migration/
    class IOTraceResponse(BaseModel):

app\api\code_changes.py:22
  D:\Projects\TraeProjects\skiller\.trae\skills\sanliu\backend\app\api\code_changes.py:22: PydanticDeprecatedSince20: Support for class-based `config` is deprecated, use ConfigDict instead. Deprecated in Pydantic V2.0 to be removed in V3.0. See Pydantic V2 Migration Guide at https://errors.pydantic.dev/2.12/migration/
    class CodeChangeResponse(BaseModel):

app\api\artifacts.py:21
  D:\Projects\TraeProjects\skiller\.trae\skills\sanliu\backend\app\api\artifacts.py:21: PydanticDeprecatedSince20: Support for class-based `config` is deprecated, use ConfigDict instead. Deprecated in Pydantic V2.0 to be removed in V3.0. See Pydantic V2 Migration Guide at https://errors.pydantic.dev/2.12/migration/
    class ArtifactResponse(BaseModel):

app\api\requirement_traces.py:37
  D:\Projects\TraeProjects\skiller\.trae\skills\sanliu\backend\app\api\requirement_traces.py:37: PydanticDeprecatedSince20: Support for class-based `config` is deprecated, use ConfigDict instead. Deprecated in Pydantic V2.0 to be removed in V3.0. See Pydantic V2 Migration Guide at https://errors.pydantic.dev/2.12/migration/
    class RequirementTraceResponse(BaseModel):

app\api\clarification_questions.py:22
  D:\Projects\TraeProjects\skiller\.trae\skills\sanliu\backend\app\api\clarification_questions.py:22: PydanticDeprecatedSince20: Support for class-based `config` is deprecated, use ConfigDict instead. Deprecated in Pydantic V2.0 to be removed in V3.0. See Pydantic V2 Migration Guide at https://errors.pydantic.dev/2.12/migration/
    class ClarificationQuestionResponse(BaseModel):

app\api\human_approvals.py:29
  D:\Projects\TraeProjects\skiller\.trae\skills\sanliu\backend\app\api\human_approvals.py:29: PydanticDeprecatedSince20: Support for class-based `config` is deprecated, use ConfigDict instead. Deprecated in Pydantic V2.0 to be removed in V3.0. See Pydantic V2 Migration Guide at https://errors.pydantic.dev/2.12/migration/
    class HumanApprovalResponse(BaseModel):

app\api\acceptance_tests.py:22
  D:\Projects\TraeProjects\skiller\.trae\skills\sanliu\backend\app\api\acceptance_tests.py:22: PydanticDeprecatedSince20: Support for class-based `config` is deprecated, use ConfigDict instead. Deprecated in Pydantic V2.0 to be removed in V3.0. See Pydantic V2 Migration Guide at https://errors.pydantic.dev/2.12/migration/
    class AcceptanceTestResponse(BaseModel):

app\api\mutation_tests.py:16
  D:\Projects\TraeProjects\skiller\.trae\skills\sanliu\backend\app\api\mutation_tests.py:16: PydanticDeprecatedSince20: Support for class-based `config` is deprecated, use ConfigDict instead. Deprecated in Pydantic V2.0 to be removed in V3.0. See Pydantic V2 Migration Guide at https://errors.pydantic.dev/2.12/migration/
    class MutationTestResponse(BaseModel):

app\api\non_functional_checks.py:20
  D:\Projects\TraeProjects\skiller\.trae\skills\sanliu\backend\app\api\non_functional_checks.py:20: PydanticDeprecatedSince20: Support for class-based `config` is deprecated, use ConfigDict instead. Deprecated in Pydantic V2.0 to be removed in V3.0. See Pydantic V2 Migration Guide at https://errors.pydantic.dev/2.12/migration/
    class NonFunctionalCheckResponse(BaseModel):

app\api\pipeline.py:17
  D:\Projects\TraeProjects\skiller\.trae\skills\sanliu\backend\app\api\pipeline.py:17: PydanticDeprecatedSince20: Support for class-based `config` is deprecated, use ConfigDict instead. Deprecated in Pydantic V2.0 to be removed in V3.0. See Pydantic V2 Migration Guide at https://errors.pydantic.dev/2.12/migration/
    class PipelineStageResponse(BaseModel):

app\api\departments.py:29
  D:\Projects\TraeProjects\skiller\.trae\skills\sanliu\backend\app\api\departments.py:29: PydanticDeprecatedSince20: Support for class-based `config` is deprecated, use ConfigDict instead. Deprecated in Pydantic V2.0 to be removed in V3.0. See Pydantic V2 Migration Guide at https://errors.pydantic.dev/2.12/migration/
    class DepartmentResponse(BaseModel):

app\api\departments.py:44
  D:\Projects\TraeProjects\skiller\.trae\skills\sanliu\backend\app\api\departments.py:44: PydanticDeprecatedSince20: Support for class-based `config` is deprecated, use ConfigDict instead. Deprecated in Pydantic V2.0 to be removed in V3.0. See Pydantic V2 Migration Guide at https://errors.pydantic.dev/2.12/migration/
    class DepartmentTreeResponse(BaseModel):

app\api\evolution_monitor.py:47
  D:\Projects\TraeProjects\skiller\.trae\skills\sanliu\backend\app\api\evolution_monitor.py:47: PydanticDeprecatedSince20: Support for class-based `config` is deprecated, use ConfigDict instead. Deprecated in Pydantic V2.0 to be removed in V3.0. See Pydantic V2 Migration Guide at https://errors.pydantic.dev/2.12/migration/
    class EvolutionStatusResponse(BaseModel):

app\api\evolution_monitor.py:62
  D:\Projects\TraeProjects\skiller\.trae\skills\sanliu\backend\app\api\evolution_monitor.py:62: PydanticDeprecatedSince20: Support for class-based `config` is deprecated, use ConfigDict instead. Deprecated in Pydantic V2.0 to be removed in V3.0. See Pydantic V2 Migration Guide at https://errors.pydantic.dev/2.12/migration/
    class EvolutionHistoryItem(BaseModel):

app\api\skill_evolution_api.py:65
  D:\Projects\TraeProjects\skiller\.trae\skills\sanliu\backend\app\api\skill_evolution_api.py:65: PydanticDeprecatedSince20: Support for class-based `config` is deprecated, use ConfigDict instead. Deprecated in Pydantic V2.0 to be removed in V3.0. See Pydantic V2 Migration Guide at https://errors.pydantic.dev/2.12/migration/
    class SkillEvolutionStatus(BaseModel):

app\api\skill_evolution_api.py:80
  D:\Projects\TraeProjects\skiller\.trae\skills\sanliu\backend\app\api\skill_evolution_api.py:80: PydanticDeprecatedSince20: Support for class-based `config` is deprecated, use ConfigDict instead. Deprecated in Pydantic V2.0 to be removed in V3.0. See Pydantic V2 Migration Guide at https://errors.pydantic.dev/2.12/migration/
    class ContentStatusResponse(BaseModel):

app\api\skill_evolution_api.py:105
  D:\Projects\TraeProjects\skiller\.trae\skills\sanliu\backend\app\api\skill_evolution_api.py:105: PydanticDeprecatedSince20: Support for class-based `config` is deprecated, use ConfigDict instead. Deprecated in Pydantic V2.0 to be removed in V3.0. See Pydantic V2 Migration Guide at https://errors.pydantic.dev/2.12/migration/
    class SkillHealthStatus(BaseModel):

app\api\skill_evolution_api.py:116
  D:\Projects\TraeProjects\skiller\.trae\skills\sanliu\backend\app\api\skill_evolution_api.py:116: PydanticDeprecatedSince20: Support for class-based `config` is deprecated, use ConfigDict instead. Deprecated in Pydantic V2.0 to be removed in V3.0. See Pydantic V2 Migration Guide at https://errors.pydantic.dev/2.12/migration/
    class EvolutionHistoryItem(BaseModel):

app\api\skill_evolution_api.py:139
  D:\Projects\TraeProjects\skiller\.trae\skills\sanliu\backend\app\api\skill_evolution_api.py:139: PydanticDeprecatedSince20: Support for class-based `config` is deprecated, use ConfigDict instead. Deprecated in Pydantic V2.0 to be removed in V3.0. See Pydantic V2 Migration Guide at https://errors.pydantic.dev/2.12/migration/
    class EvolutionEventDetail(BaseModel):

app\api\skill_evolution_api.py:157
  D:\Projects\TraeProjects\skiller\.trae\skills\sanliu\backend\app\api\skill_evolution_api.py:157: PydanticDeprecatedSince20: Support for class-based `config` is deprecated, use ConfigDict instead. Deprecated in Pydantic V2.0 to be removed in V3.0. See Pydantic V2 Migration Guide at https://errors.pydantic.dev/2.12/migration/
    class EvolutionStatistics(BaseModel):

app\api\skill_evolution_api.py:227
  D:\Projects\TraeProjects\skiller\.trae\skills\sanliu\backend\app\api\skill_evolution_api.py:227: PydanticDeprecatedSince20: Support for class-based `config` is deprecated, use ConfigDict instead. Deprecated in Pydantic V2.0 to be removed in V3.0. See Pydantic V2 Migration Guide at https://errors.pydantic.dev/2.12/migration/
    class EvolutionReport(BaseModel):

app\api\skill_health.py:35
  D:\Projects\TraeProjects\skiller\.trae\skills\sanliu\backend\app\api\skill_health.py:35: PydanticDeprecatedSince20: Support for class-based `config` is deprecated, use ConfigDict instead. Deprecated in Pydantic V2.0 to be removed in V3.0. See Pydantic V2 Migration Guide at https://errors.pydantic.dev/2.12/migration/
    class HealthMetric(BaseModel):

app\api\skill_health.py:49
  D:\Projects\TraeProjects\skiller\.trae\skills\sanliu\backend\app\api\skill_health.py:49: PydanticDeprecatedSince20: Support for class-based `config` is deprecated, use ConfigDict instead. Deprecated in Pydantic V2.0 to be removed in V3.0. See Pydantic V2 Migration Guide at https://errors.pydantic.dev/2.12/migration/
    class HealthCategoryScore(BaseModel):

app\api\skill_health.py:60
  D:\Projects\TraeProjects\skiller\.trae\skills\sanliu\backend\app\api\skill_health.py:60: PydanticDeprecatedSince20: Support for class-based `config` is deprecated, use ConfigDict instead. Deprecated in Pydantic V2.0 to be removed in V3.0. See Pydantic V2 Migration Guide at https://errors.pydantic.dev/2.12/migration/
    class SkillHealthAssessment(BaseModel):

app\api\skill_health.py:75
  D:\Projects\TraeProjects\skiller\.trae\skills\sanliu\backend\app\api\skill_health.py:75: PydanticDeprecatedSince20: Support for class-based `config` is deprecated, use ConfigDict instead. Deprecated in Pydantic V2.0 to be removed in V3.0. See Pydantic V2 Migration Guide at https://errors.pydantic.dev/2.12/migration/
    class HealthReport(BaseModel):

app\api\path_validation.py:45
  D:\Projects\TraeProjects\skiller\.trae\skills\sanliu\backend\app\api\path_validation.py:45: PydanticDeprecatedSince20: Support for class-based `config` is deprecated, use ConfigDict instead. Deprecated in Pydantic V2.0 to be removed in V3.0. See Pydantic V2 Migration Guide at https://errors.pydantic.dev/2.12/migration/
    class PathIssue(BaseModel):

app\api\path_validation.py:57
  D:\Projects\TraeProjects\skiller\.trae\skills\sanliu\backend\app\api\path_validation.py:57: PydanticDeprecatedSince20: Support for class-based `config` is deprecated, use ConfigDict instead. Deprecated in Pydantic V2.0 to be removed in V3.0. See Pydantic V2 Migration Guide at https://errors.pydantic.dev/2.12/migration/
    class PathValidationResult(BaseModel):

app\api\path_validation.py:72
  D:\Projects\TraeProjects\skiller\.trae\skills\sanliu\backend\app\api\path_validation.py:72: PydanticDeprecatedSince20: Support for class-based `config` is deprecated, use ConfigDict instead. Deprecated in Pydantic V2.0 to be removed in V3.0. See Pydantic V2 Migration Guide at https://errors.pydantic.dev/2.12/migration/
    class ValidationReport(BaseModel):

app\api\path_validation.py:87
  D:\Projects\TraeProjects\skiller\.trae\skills\sanliu\backend\app\api\path_validation.py:87: PydanticDeprecatedSince20: Support for class-based `config` is deprecated, use ConfigDict instead. Deprecated in Pydantic V2.0 to be removed in V3.0. See Pydantic V2 Migration Guide at https://errors.pydantic.dev/2.12/migration/
    class ValidationStatusResponse(BaseModel):

app\api\path_validation.py:107
  D:\Projects\TraeProjects\skiller\.trae\skills\sanliu\backend\app\api\path_validation.py:107: PydanticDeprecatedSince20: Support for class-based `config` is deprecated, use ConfigDict instead. Deprecated in Pydantic V2.0 to be removed in V3.0. See Pydantic V2 Migration Guide at https://errors.pydantic.dev/2.12/migration/
    class FixResult(BaseModel):

app\api\evolution_knowledge.py:47
  D:\Projects\TraeProjects\skiller\.trae\skills\sanliu\backend\app\api\evolution_knowledge.py:47: PydanticDeprecatedSince20: Support for class-based `config` is deprecated, use ConfigDict instead. Deprecated in Pydantic V2.0 to be removed in V3.0. See Pydantic V2 Migration Guide at https://errors.pydantic.dev/2.12/migration/
    class EvolutionPattern(BaseModel):

app\api\evolution_knowledge.py:73
  D:\Projects\TraeProjects\skiller\.trae\skills\sanliu\backend\app\api\evolution_knowledge.py:73: PydanticDeprecatedSince20: Support for class-based `config` is deprecated, use ConfigDict instead. Deprecated in Pydantic V2.0 to be removed in V3.0. See Pydantic V2 Migration Guide at https://errors.pydantic.dev/2.12/migration/
    class EvolutionRecommendation(BaseModel):

app\api\evolution_knowledge.py:100
  D:\Projects\TraeProjects\skiller\.trae\skills\sanliu\backend\app\api\evolution_knowledge.py:100: PydanticDeprecatedSince20: Support for class-based `config` is deprecated, use ConfigDict instead. Deprecated in Pydantic V2.0 to be removed in V3.0. See Pydantic V2 Migration Guide at https://errors.pydantic.dev/2.12/migration/
    class PredictionResult(BaseModel):

app\api\evolution_knowledge.py:125
  D:\Projects\TraeProjects\skiller\.trae\skills\sanliu\backend\app\api\evolution_knowledge.py:125: PydanticDeprecatedSince20: Support for class-based `config` is deprecated, use ConfigDict instead. Deprecated in Pydantic V2.0 to be removed in V3.0. See Pydantic V2 Migration Guide at https://errors.pydantic.dev/2.12/migration/
    class EvolutionStateResponse(BaseModel):

app\api\evolution_knowledge.py:840
  D:\Projects\TraeProjects\skiller\.trae\skills\sanliu\backend\app\api\evolution_knowledge.py:840: PydanticDeprecatedSince20: Support for class-based `config` is deprecated, use ConfigDict instead. Deprecated in Pydantic V2.0 to be removed in V3.0. See Pydantic V2 Migration Guide at https://errors.pydantic.dev/2.12/migration/
    class KnowledgeItem(BaseModel):

app\api\evolution_knowledge.py:1082
  D:\Projects\TraeProjects\skiller\.trae\skills\sanliu\backend\app\api\evolution_knowledge.py:1082: PydanticDeprecatedSince20: Support for class-based `config` is deprecated, use ConfigDict instead. Deprecated in Pydantic V2.0 to be removed in V3.0. See Pydantic V2 Migration Guide at https://errors.pydantic.dev/2.12/migration/
    class KnowledgeSharing(BaseModel):

app\api\quality_monitor.py:38
  D:\Projects\TraeProjects\skiller\.trae\skills\sanliu\backend\app\api\quality_monitor.py:38: PydanticDeprecatedSince20: Support for class-based `config` is deprecated, use ConfigDict instead. Deprecated in Pydantic V2.0 to be removed in V3.0. See Pydantic V2 Migration Guide at https://errors.pydantic.dev/2.12/migration/
    class QualityMetric(BaseModel):

app\api\quality_monitor.py:54
  D:\Projects\TraeProjects\skiller\.trae\skills\sanliu\backend\app\api\quality_monitor.py:54: PydanticDeprecatedSince20: Support for class-based `config` is deprecated, use ConfigDict instead. Deprecated in Pydantic V2.0 to be removed in V3.0. See Pydantic V2 Migration Guide at https://errors.pydantic.dev/2.12/migration/
    class PerformanceMetrics(BaseModel):

app\api\quality_monitor.py:70
  D:\Projects\TraeProjects\skiller\.trae\skills\sanliu\backend\app\api\quality_monitor.py:70: PydanticDeprecatedSince20: Support for class-based `config` is deprecated, use ConfigDict instead. Deprecated in Pydantic V2.0 to be removed in V3.0. See Pydantic V2 Migration Guide at https://errors.pydantic.dev/2.12/migration/
    class ErrorStatistics(BaseModel):

app\api\quality_monitor.py:82
  D:\Projects\TraeProjects\skiller\.trae\skills\sanliu\backend\app\api\quality_monitor.py:82: PydanticDeprecatedSince20: Support for class-based `config` is deprecated, use ConfigDict instead. Deprecated in Pydantic V2.0 to be removed in V3.0. See Pydantic V2 Migration Guide at https://errors.pydantic.dev/2.12/migration/
    class CodeQualityScore(BaseModel):

app\api\quality_monitor.py:97
  D:\Projects\TraeProjects\skiller\.trae\skills\sanliu\backend\app\api\quality_monitor.py:97: PydanticDeprecatedSince20: Support for class-based `config` is deprecated, use ConfigDict instead. Deprecated in Pydantic V2.0 to be removed in V3.0. See Pydantic V2 Migration Guide at https://errors.pydantic.dev/2.12/migration/
    class TestCoverageMetrics(BaseModel):

app\api\quality_monitor.py:113
  D:\Projects\TraeProjects\skiller\.trae\skills\sanliu\backend\app\api\quality_monitor.py:113: PydanticDeprecatedSince20: Support for class-based `config` is deprecated, use ConfigDict instead. Deprecated in Pydantic V2.0 to be removed in V3.0. See Pydantic V2 Migration Guide at https://errors.pydantic.dev/2.12/migration/
    class QualityAlert(BaseModel):

app\api\quality_monitor.py:130
  D:\Projects\TraeProjects\skiller\.trae\skills\sanliu\backend\app\api\quality_monitor.py:130: PydanticDeprecatedSince20: Support for class-based `config` is deprecated, use ConfigDict instead. Deprecated in Pydantic V2.0 to be removed in V3.0. See Pydantic V2 Migration Guide at https://errors.pydantic.dev/2.12/migration/
    class AlertRule(BaseModel):

app\api\quality_monitor.py:144
  D:\Projects\TraeProjects\skiller\.trae\skills\sanliu\backend\app\api\quality_monitor.py:144: PydanticDeprecatedSince20: Support for class-based `config` is deprecated, use ConfigDict instead. Deprecated in Pydantic V2.0 to be removed in V3.0. See Pydantic V2 Migration Guide at https://errors.pydantic.dev/2.12/migration/
    class QualityDashboard(BaseModel):

app\api\quality_monitor.py:731
  D:\Projects\TraeProjects\skiller\.trae\skills\sanliu\backend\app\api\quality_monitor.py:731: PydanticDeprecatedSince20: Support for class-based `config` is deprecated, use ConfigDict instead. Deprecated in Pydantic V2.0 to be removed in V3.0. See Pydantic V2 Migration Guide at https://errors.pydantic.dev/2.12/migration/
    class RealtimePerformanceData(BaseModel):

app\api\quality_monitor.py:748
  D:\Projects\TraeProjects\skiller\.trae\skills\sanliu\backend\app\api\quality_monitor.py:748: PydanticDeprecatedSince20: Support for class-based `config` is deprecated, use ConfigDict instead. Deprecated in Pydantic V2.0 to be removed in V3.0. See Pydantic V2 Migration Guide at https://errors.pydantic.dev/2.12/migration/
    class DetailedErrorStats(BaseModel):

app\api\quality_monitor.py:763
  D:\Projects\TraeProjects\skiller\.trae\skills\sanliu\backend\app\api\quality_monitor.py:763: PydanticDeprecatedSince20: Support for class-based `config` is deprecated, use ConfigDict instead. Deprecated in Pydantic V2.0 to be removed in V3.0. See Pydantic V2 Migration Guide at https://errors.pydantic.dev/2.12/migration/
    class EnhancedCodeQuality(BaseModel):

app\api\quality_monitor.py:782
  D:\Projects\TraeProjects\skiller\.trae\skills\sanliu\backend\app\api\quality_monitor.py:782: PydanticDeprecatedSince20: Support for class-based `config` is deprecated, use ConfigDict instead. Deprecated in Pydantic V2.0 to be removed in V3.0. See Pydantic V2 Migration Guide at https://errors.pydantic.dev/2.12/migration/
    class EnhancedTestCoverage(BaseModel):

C:\Users\86156\AppData\Roaming\Python\Python314\site-packages\_pytest\config\__init__.py:1428
  C:\Users\86156\AppData\Roaming\Python\Python314\site-packages\_pytest\config\__init__.py:1428: PytestConfigWarning: Unknown config option: env
  
    self._warn_or_fail_if_strict(f"Unknown config option: {key}\n")

tests\benchmark\test_api_benchmark.py:129
  D:\Projects\TraeProjects\skiller\.trae\skills\sanliu\backend\tests\benchmark\test_api_benchmark.py:129: PytestUnknownMarkWarning: Unknown pytest.mark.performance - is this a typo?  You can register custom marks to avoid this warning - for details, see https://docs.pytest.org/en/stable/how-to/mark.html
    @pytest.mark.performance

tests\benchmark\test_api_benchmark.py:130
  D:\Projects\TraeProjects\skiller\.trae\skills\sanliu\backend\tests\benchmark\test_api_benchmark.py:130: PytestUnknownMarkWarning: Unknown pytest.mark.benchmark - is this a typo?  You can register custom marks to avoid this warning - for details, see https://docs.pytest.org/en/stable/how-to/mark.html
    @pytest.mark.benchmark

tests\benchmark\test_api_benchmark.py:299
  D:\Projects\TraeProjects\skiller\.trae\skills\sanliu\backend\tests\benchmark\test_api_benchmark.py:299: PytestUnknownMarkWarning: Unknown pytest.mark.performance - is this a typo?  You can register custom marks to avoid this warning - for details, see https://docs.pytest.org/en/stable/how-to/mark.html
    @pytest.mark.performance

tests\benchmark\test_api_benchmark.py:300
  D:\Projects\TraeProjects\skiller\.trae\skills\sanliu\backend\tests\benchmark\test_api_benchmark.py:300: PytestUnknownMarkWarning: Unknown pytest.mark.benchmark - is this a typo?  You can register custom marks to avoid this warning - for details, see https://docs.pytest.org/en/stable/how-to/mark.html
    @pytest.mark.benchmark

tests\benchmark\test_api_benchmark.py:344
  D:\Projects\TraeProjects\skiller\.trae\skills\sanliu\backend\tests\benchmark\test_api_benchmark.py:344: PytestUnknownMarkWarning: Unknown pytest.mark.performance - is this a typo?  You can register custom marks to avoid this warning - for details, see https://docs.pytest.org/en/stable/how-to/mark.html
    @pytest.mark.performance

tests\benchmark\test_api_benchmark.py:345
  D:\Projects\TraeProjects\skiller\.trae\skills\sanliu\backend\tests\benchmark\test_api_benchmark.py:345: PytestUnknownMarkWarning: Unknown pytest.mark.benchmark - is this a typo?  You can register custom marks to avoid this warning - for details, see https://docs.pytest.org/en/stable/how-to/mark.html
    @pytest.mark.benchmark

tests\database\test_advanced_migrations.py:58
  D:\Projects\TraeProjects\skiller\.trae\skills\sanliu\backend\tests\database\test_advanced_migrations.py:58: PytestUnknownMarkWarning: Unknown pytest.mark.database - is this a typo?  You can register custom marks to avoid this warning - for details, see https://docs.pytest.org/en/stable/how-to/mark.html
    @pytest.mark.database

tests\database\test_advanced_migrations.py:59
  D:\Projects\TraeProjects\skiller\.trae\skills\sanliu\backend\tests\database\test_advanced_migrations.py:59: PytestUnknownMarkWarning: Unknown pytest.mark.migrations - is this a typo?  You can register custom marks to avoid this warning - for details, see https://docs.pytest.org/en/stable/how-to/mark.html
    @pytest.mark.migrations

tests\database\test_advanced_migrations.py:88
  D:\Projects\TraeProjects\skiller\.trae\skills\sanliu\backend\tests\database\test_advanced_migrations.py:88: PytestUnknownMarkWarning: Unknown pytest.mark.database - is this a typo?  You can register custom marks to avoid this warning - for details, see https://docs.pytest.org/en/stable/how-to/mark.html
    @pytest.mark.database

tests\database\test_advanced_migrations.py:89
  D:\Projects\TraeProjects\skiller\.trae\skills\sanliu\backend\tests\database\test_advanced_migrations.py:89: PytestUnknownMarkWarning: Unknown pytest.mark.migrations - is this a typo?  You can register custom marks to avoid this warning - for details, see https://docs.pytest.org/en/stable/how-to/mark.html
    @pytest.mark.migrations

tests\database\test_advanced_migrations.py:159
  D:\Projects\TraeProjects\skiller\.trae\skills\sanliu\backend\tests\database\test_advanced_migrations.py:159: PytestUnknownMarkWarning: Unknown pytest.mark.database - is this a typo?  You can register custom marks to avoid this warning - for details, see https://docs.pytest.org/en/stable/how-to/mark.html
    @pytest.mark.database

tests\database\test_advanced_migrations.py:160
  D:\Projects\TraeProjects\skiller\.trae\skills\sanliu\backend\tests\database\test_advanced_migrations.py:160: PytestUnknownMarkWarning: Unknown pytest.mark.migrations - is this a typo?  You can register custom marks to avoid this warning - for details, see https://docs.pytest.org/en/stable/how-to/mark.html
    @pytest.mark.migrations

tests\database\test_advanced_migrations.py:222
  D:\Projects\TraeProjects\skiller\.trae\skills\sanliu\backend\tests\database\test_advanced_migrations.py:222: PytestUnknownMarkWarning: Unknown pytest.mark.database - is this a typo?  You can register custom marks to avoid this warning - for details, see https://docs.pytest.org/en/stable/how-to/mark.html
    @pytest.mark.database

tests\database\test_advanced_migrations.py:223
  D:\Projects\TraeProjects\skiller\.trae\skills\sanliu\backend\tests\database\test_advanced_migrations.py:223: PytestUnknownMarkWarning: Unknown pytest.mark.migrations - is this a typo?  You can register custom marks to avoid this warning - for details, see https://docs.pytest.org/en/stable/how-to/mark.html
    @pytest.mark.migrations

tests\database\test_advanced_migrations.py:281
  D:\Projects\TraeProjects\skiller\.trae\skills\sanliu\backend\tests\database\test_advanced_migrations.py:281: PytestUnknownMarkWarning: Unknown pytest.mark.database - is this a typo?  You can register custom marks to avoid this warning - for details, see https://docs.pytest.org/en/stable/how-to/mark.html
    @pytest.mark.database

tests\database\test_advanced_migrations.py:282
  D:\Projects\TraeProjects\skiller\.trae\skills\sanliu\backend\tests\database\test_advanced_migrations.py:282: PytestUnknownMarkWarning: Unknown pytest.mark.migrations - is this a typo?  You can register custom marks to avoid this warning - for details, see https://docs.pytest.org/en/stable/how-to/mark.html
    @pytest.mark.migrations

tests\database\test_advanced_migrations.py:354
  D:\Projects\TraeProjects\skiller\.trae\skills\sanliu\backend\tests\database\test_advanced_migrations.py:354: PytestUnknownMarkWarning: Unknown pytest.mark.database - is this a typo?  You can register custom marks to avoid this warning - for details, see https://docs.pytest.org/en/stable/how-to/mark.html
    @pytest.mark.database

tests\database\test_advanced_migrations.py:355
  D:\Projects\TraeProjects\skiller\.trae\skills\sanliu\backend\tests\database\test_advanced_migrations.py:355: PytestUnknownMarkWarning: Unknown pytest.mark.migrations - is this a typo?  You can register custom marks to avoid this warning - for details, see https://docs.pytest.org/en/stable/how-to/mark.html
    @pytest.mark.migrations

tests\database\test_advanced_migrations.py:402
  D:\Projects\TraeProjects\skiller\.trae\skills\sanliu\backend\tests\database\test_advanced_migrations.py:402: PytestUnknownMarkWarning: Unknown pytest.mark.database - is this a typo?  You can register custom marks to avoid this warning - for details, see https://docs.pytest.org/en/stable/how-to/mark.html
    @pytest.mark.database

tests\database\test_advanced_migrations.py:403
  D:\Projects\TraeProjects\skiller\.trae\skills\sanliu\backend\tests\database\test_advanced_migrations.py:403: PytestUnknownMarkWarning: Unknown pytest.mark.migrations - is this a typo?  You can register custom marks to avoid this warning - for details, see https://docs.pytest.org/en/stable/how-to/mark.html
    @pytest.mark.migrations

tests\database\test_advanced_migrations.py:472
  D:\Projects\TraeProjects\skiller\.trae\skills\sanliu\backend\tests\database\test_advanced_migrations.py:472: PytestUnknownMarkWarning: Unknown pytest.mark.database - is this a typo?  You can register custom marks to avoid this warning - for details, see https://docs.pytest.org/en/stable/how-to/mark.html
    @pytest.mark.database

tests\database\test_advanced_migrations.py:473
  D:\Projects\TraeProjects\skiller\.trae\skills\sanliu\backend\tests\database\test_advanced_migrations.py:473: PytestUnknownMarkWarning: Unknown pytest.mark.migrations - is this a typo?  You can register custom marks to avoid this warning - for details, see https://docs.pytest.org/en/stable/how-to/mark.html
    @pytest.mark.migrations

tests\database\test_advanced_migrations.py:520
  D:\Projects\TraeProjects\skiller\.trae\skills\sanliu\backend\tests\database\test_advanced_migrations.py:520: PytestUnknownMarkWarning: Unknown pytest.mark.database - is this a typo?  You can register custom marks to avoid this warning - for details, see https://docs.pytest.org/en/stable/how-to/mark.html
    @pytest.mark.database

tests\database\test_advanced_migrations.py:521
  D:\Projects\TraeProjects\skiller\.trae\skills\sanliu\backend\tests\database\test_advanced_migrations.py:521: PytestUnknownMarkWarning: Unknown pytest.mark.migrations - is this a typo?  You can register custom marks to avoid this warning - for details, see https://docs.pytest.org/en/stable/how-to/mark.html
    @pytest.mark.migrations

tests\database\test_advanced_migrations.py:553
  D:\Projects\TraeProjects\skiller\.trae\skills\sanliu\backend\tests\database\test_advanced_migrations.py:553: PytestUnknownMarkWarning: Unknown pytest.mark.database - is this a typo?  You can register custom marks to avoid this warning - for details, see https://docs.pytest.org/en/stable/how-to/mark.html
    @pytest.mark.database

tests\database\test_advanced_migrations.py:554
  D:\Projects\TraeProjects\skiller\.trae\skills\sanliu\backend\tests\database\test_advanced_migrations.py:554: PytestUnknownMarkWarning: Unknown pytest.mark.migrations - is this a typo?  You can register custom marks to avoid this warning - for details, see https://docs.pytest.org/en/stable/how-to/mark.html
    @pytest.mark.migrations

tests\database\test_advanced_migrations.py:619
  D:\Projects\TraeProjects\skiller\.trae\skills\sanliu\backend\tests\database\test_advanced_migrations.py:619: PytestUnknownMarkWarning: Unknown pytest.mark.database - is this a typo?  You can register custom marks to avoid this warning - for details, see https://docs.pytest.org/en/stable/how-to/mark.html
    @pytest.mark.database

tests\database\test_advanced_migrations.py:620
  D:\Projects\TraeProjects\skiller\.trae\skills\sanliu\backend\tests\database\test_advanced_migrations.py:620: PytestUnknownMarkWarning: Unknown pytest.mark.migrations - is this a typo?  You can register custom marks to avoid this warning - for details, see https://docs.pytest.org/en/stable/how-to/mark.html
    @pytest.mark.migrations

tests\database\test_advanced_performance.py:35
  D:\Projects\TraeProjects\skiller\.trae\skills\sanliu\backend\tests\database\test_advanced_performance.py:35: PytestUnknownMarkWarning: Unknown pytest.mark.database - is this a typo?  You can register custom marks to avoid this warning - for details, see https://docs.pytest.org/en/stable/how-to/mark.html
    @pytest.mark.database

tests\database\test_advanced_performance.py:36
  D:\Projects\TraeProjects\skiller\.trae\skills\sanliu\backend\tests\database\test_advanced_performance.py:36: PytestUnknownMarkWarning: Unknown pytest.mark.performance - is this a typo?  You can register custom marks to avoid this warning - for details, see https://docs.pytest.org/en/stable/how-to/mark.html
    @pytest.mark.performance

tests\database\test_advanced_performance.py:192
  D:\Projects\TraeProjects\skiller\.trae\skills\sanliu\backend\tests\database\test_advanced_performance.py:192: PytestUnknownMarkWarning: Unknown pytest.mark.database - is this a typo?  You can register custom marks to avoid this warning - for details, see https://docs.pytest.org/en/stable/how-to/mark.html
    @pytest.mark.database

tests\database\test_advanced_performance.py:193
  D:\Projects\TraeProjects\skiller\.trae\skills\sanliu\backend\tests\database\test_advanced_performance.py:193: PytestUnknownMarkWarning: Unknown pytest.mark.performance - is this a typo?  You can register custom marks to avoid this warning - for details, see https://docs.pytest.org/en/stable/how-to/mark.html
    @pytest.mark.performance

tests\database\test_advanced_performance.py:264
  D:\Projects\TraeProjects\skiller\.trae\skills\sanliu\backend\tests\database\test_advanced_performance.py:264: PytestUnknownMarkWarning: Unknown pytest.mark.database - is this a typo?  You can register custom marks to avoid this warning - for details, see https://docs.pytest.org/en/stable/how-to/mark.html
    @pytest.mark.database

tests\database\test_advanced_performance.py:265
  D:\Projects\TraeProjects\skiller\.trae\skills\sanliu\backend\tests\database\test_advanced_performance.py:265: PytestUnknownMarkWarning: Unknown pytest.mark.performance - is this a typo?  You can register custom marks to avoid this warning - for details, see https://docs.pytest.org/en/stable/how-to/mark.html
    @pytest.mark.performance

tests\database\test_advanced_performance.py:329
  D:\Projects\TraeProjects\skiller\.trae\skills\sanliu\backend\tests\database\test_advanced_performance.py:329: PytestUnknownMarkWarning: Unknown pytest.mark.database - is this a typo?  You can register custom marks to avoid this warning - for details, see https://docs.pytest.org/en/stable/how-to/mark.html
    @pytest.mark.database

tests\database\test_advanced_performance.py:330
  D:\Projects\TraeProjects\skiller\.trae\skills\sanliu\backend\tests\database\test_advanced_performance.py:330: PytestUnknownMarkWarning: Unknown pytest.mark.performance - is this a typo?  You can register custom marks to avoid this warning - for details, see https://docs.pytest.org/en/stable/how-to/mark.html
    @pytest.mark.performance

tests\database\test_advanced_performance.py:401
  D:\Projects\TraeProjects\skiller\.trae\skills\sanliu\backend\tests\database\test_advanced_performance.py:401: PytestUnknownMarkWarning: Unknown pytest.mark.database - is this a typo?  You can register custom marks to avoid this warning - for details, see https://docs.pytest.org/en/stable/how-to/mark.html
    @pytest.mark.database

tests\database\test_advanced_performance.py:402
  D:\Projects\TraeProjects\skiller\.trae\skills\sanliu\backend\tests\database\test_advanced_performance.py:402: PytestUnknownMarkWarning: Unknown pytest.mark.performance - is this a typo?  You can register custom marks to avoid this warning - for details, see https://docs.pytest.org/en/stable/how-to/mark.html
    @pytest.mark.performance

tests\database\test_advanced_performance.py:442
  D:\Projects\TraeProjects\skiller\.trae\skills\sanliu\backend\tests\database\test_advanced_performance.py:442: PytestUnknownMarkWarning: Unknown pytest.mark.database - is this a typo?  You can register custom marks to avoid this warning - for details, see https://docs.pytest.org/en/stable/how-to/mark.html
    @pytest.mark.database

tests\database\test_advanced_performance.py:443
  D:\Projects\TraeProjects\skiller\.trae\skills\sanliu\backend\tests\database\test_advanced_performance.py:443: PytestUnknownMarkWarning: Unknown pytest.mark.performance - is this a typo?  You can register custom marks to avoid this warning - for details, see https://docs.pytest.org/en/stable/how-to/mark.html
    @pytest.mark.performance

tests\database\test_advanced_performance.py:540
  D:\Projects\TraeProjects\skiller\.trae\skills\sanliu\backend\tests\database\test_advanced_performance.py:540: PytestUnknownMarkWarning: Unknown pytest.mark.database - is this a typo?  You can register custom marks to avoid this warning - for details, see https://docs.pytest.org/en/stable/how-to/mark.html
    @pytest.mark.database

tests\database\test_advanced_performance.py:541
  D:\Projects\TraeProjects\skiller\.trae\skills\sanliu\backend\tests\database\test_advanced_performance.py:541: PytestUnknownMarkWarning: Unknown pytest.mark.performance - is this a typo?  You can register custom marks to avoid this warning - for details, see https://docs.pytest.org/en/stable/how-to/mark.html
    @pytest.mark.performance

tests\database\test_integrity.py:32
  D:\Projects\TraeProjects\skiller\.trae\skills\sanliu\backend\tests\database\test_integrity.py:32: PytestUnknownMarkWarning: Unknown pytest.mark.database - is this a typo?  You can register custom marks to avoid this warning - for details, see https://docs.pytest.org/en/stable/how-to/mark.html
    @pytest.mark.database

tests\database\test_integrity.py:33
  D:\Projects\TraeProjects\skiller\.trae\skills\sanliu\backend\tests\database\test_integrity.py:33: PytestUnknownMarkWarning: Unknown pytest.mark.integrity - is this a typo?  You can register custom marks to avoid this warning - for details, see https://docs.pytest.org/en/stable/how-to/mark.html
    @pytest.mark.integrity

tests\database\test_integrity.py:166
  D:\Projects\TraeProjects\skiller\.trae\skills\sanliu\backend\tests\database\test_integrity.py:166: PytestUnknownMarkWarning: Unknown pytest.mark.database - is this a typo?  You can register custom marks to avoid this warning - for details, see https://docs.pytest.org/en/stable/how-to/mark.html
    @pytest.mark.database

tests\database\test_integrity.py:167
  D:\Projects\TraeProjects\skiller\.trae\skills\sanliu\backend\tests\database\test_integrity.py:167: PytestUnknownMarkWarning: Unknown pytest.mark.integrity - is this a typo?  You can register custom marks to avoid this warning - for details, see https://docs.pytest.org/en/stable/how-to/mark.html
    @pytest.mark.integrity

tests\database\test_integrity.py:215
  D:\Projects\TraeProjects\skiller\.trae\skills\sanliu\backend\tests\database\test_integrity.py:215: PytestUnknownMarkWarning: Unknown pytest.mark.database - is this a typo?  You can register custom marks to avoid this warning - for details, see https://docs.pytest.org/en/stable/how-to/mark.html
    @pytest.mark.database

tests\database\test_integrity.py:216
  D:\Projects\TraeProjects\skiller\.trae\skills\sanliu\backend\tests\database\test_integrity.py:216: PytestUnknownMarkWarning: Unknown pytest.mark.integrity - is this a typo?  You can register custom marks to avoid this warning - for details, see https://docs.pytest.org/en/stable/how-to/mark.html
    @pytest.mark.integrity

tests\database\test_integrity.py:444
  D:\Projects\TraeProjects\skiller\.trae\skills\sanliu\backend\tests\database\test_integrity.py:444: PytestUnknownMarkWarning: Unknown pytest.mark.database - is this a typo?  You can register custom marks to avoid this warning - for details, see https://docs.pytest.org/en/stable/how-to/mark.html
    @pytest.mark.database

tests\database\test_integrity.py:445
  D:\Projects\TraeProjects\skiller\.trae\skills\sanliu\backend\tests\database\test_integrity.py:445: PytestUnknownMarkWarning: Unknown pytest.mark.integrity - is this a typo?  You can register custom marks to avoid this warning - for details, see https://docs.pytest.org/en/stable/how-to/mark.html
    @pytest.mark.integrity

tests\database\test_integrity.py:535
  D:\Projects\TraeProjects\skiller\.trae\skills\sanliu\backend\tests\database\test_integrity.py:535: PytestUnknownMarkWarning: Unknown pytest.mark.database - is this a typo?  You can register custom marks to avoid this warning - for details, see https://docs.pytest.org/en/stable/how-to/mark.html
    @pytest.mark.database

tests\database\test_integrity.py:536
  D:\Projects\TraeProjects\skiller\.trae\skills\sanliu\backend\tests\database\test_integrity.py:536: PytestUnknownMarkWarning: Unknown pytest.mark.integrity - is this a typo?  You can register custom marks to avoid this warning - for details, see https://docs.pytest.org/en/stable/how-to/mark.html
    @pytest.mark.integrity

tests\database\test_integrity.py:633
  D:\Projects\TraeProjects\skiller\.trae\skills\sanliu\backend\tests\database\test_integrity.py:633: PytestUnknownMarkWarning: Unknown pytest.mark.database - is this a typo?  You can register custom marks to avoid this warning - for details, see https://docs.pytest.org/en/stable/how-to/mark.html
    @pytest.mark.database

tests\database\test_integrity.py:634
  D:\Projects\TraeProjects\skiller\.trae\skills\sanliu\backend\tests\database\test_integrity.py:634: PytestUnknownMarkWarning: Unknown pytest.mark.integrity - is this a typo?  You can register custom marks to avoid this warning - for details, see https://docs.pytest.org/en/stable/how-to/mark.html
    @pytest.mark.integrity

tests\database\test_integrity.py:738
  D:\Projects\TraeProjects\skiller\.trae\skills\sanliu\backend\tests\database\test_integrity.py:738: PytestUnknownMarkWarning: Unknown pytest.mark.database - is this a typo?  You can register custom marks to avoid this warning - for details, see https://docs.pytest.org/en/stable/how-to/mark.html
    @pytest.mark.database

tests\database\test_integrity.py:739
  D:\Projects\TraeProjects\skiller\.trae\skills\sanliu\backend\tests\database\test_integrity.py:739: PytestUnknownMarkWarning: Unknown pytest.mark.integrity - is this a typo?  You can register custom marks to avoid this warning - for details, see https://docs.pytest.org/en/stable/how-to/mark.html
    @pytest.mark.integrity

tests\database\test_integrity.py:818
  D:\Projects\TraeProjects\skiller\.trae\skills\sanliu\backend\tests\database\test_integrity.py:818: PytestUnknownMarkWarning: Unknown pytest.mark.database - is this a typo?  You can register custom marks to avoid this warning - for details, see https://docs.pytest.org/en/stable/how-to/mark.html
    @pytest.mark.database

tests\database\test_integrity.py:819
  D:\Projects\TraeProjects\skiller\.trae\skills\sanliu\backend\tests\database\test_integrity.py:819: PytestUnknownMarkWarning: Unknown pytest.mark.integrity - is this a typo?  You can register custom marks to avoid this warning - for details, see https://docs.pytest.org/en/stable/how-to/mark.html
    @pytest.mark.integrity

tests\database\test_integrity.py:911
  D:\Projects\TraeProjects\skiller\.trae\skills\sanliu\backend\tests\database\test_integrity.py:911: PytestUnknownMarkWarning: Unknown pytest.mark.database - is this a typo?  You can register custom marks to avoid this warning - for details, see https://docs.pytest.org/en/stable/how-to/mark.html
    @pytest.mark.database

tests\database\test_integrity.py:912
  D:\Projects\TraeProjects\skiller\.trae\skills\sanliu\backend\tests\database\test_integrity.py:912: PytestUnknownMarkWarning: Unknown pytest.mark.integrity - is this a typo?  You can register custom marks to avoid this warning - for details, see https://docs.pytest.org/en/stable/how-to/mark.html
    @pytest.mark.integrity

tests\database\test_migrations.py:33
  D:\Projects\TraeProjects\skiller\.trae\skills\sanliu\backend\tests\database\test_migrations.py:33: PytestUnknownMarkWarning: Unknown pytest.mark.database - is this a typo?  You can register custom marks to avoid this warning - for details, see https://docs.pytest.org/en/stable/how-to/mark.html
    @pytest.mark.database

tests\database\test_migrations.py:34
  D:\Projects\TraeProjects\skiller\.trae\skills\sanliu\backend\tests\database\test_migrations.py:34: PytestUnknownMarkWarning: Unknown pytest.mark.migrations - is this a typo?  You can register custom marks to avoid this warning - for details, see https://docs.pytest.org/en/stable/how-to/mark.html
    @pytest.mark.migrations

tests\database\test_migrations.py:89
  D:\Projects\TraeProjects\skiller\.trae\skills\sanliu\backend\tests\database\test_migrations.py:89: PytestUnknownMarkWarning: Unknown pytest.mark.database - is this a typo?  You can register custom marks to avoid this warning - for details, see https://docs.pytest.org/en/stable/how-to/mark.html
    @pytest.mark.database

tests\database\test_migrations.py:90
  D:\Projects\TraeProjects\skiller\.trae\skills\sanliu\backend\tests\database\test_migrations.py:90: PytestUnknownMarkWarning: Unknown pytest.mark.migrations - is this a typo?  You can register custom marks to avoid this warning - for details, see https://docs.pytest.org/en/stable/how-to/mark.html
    @pytest.mark.migrations

tests\database\test_migrations.py:180
  D:\Projects\TraeProjects\skiller\.trae\skills\sanliu\backend\tests\database\test_migrations.py:180: PytestUnknownMarkWarning: Unknown pytest.mark.database - is this a typo?  You can register custom marks to avoid this warning - for details, see https://docs.pytest.org/en/stable/how-to/mark.html
    @pytest.mark.database

tests\database\test_migrations.py:181
  D:\Projects\TraeProjects\skiller\.trae\skills\sanliu\backend\tests\database\test_migrations.py:181: PytestUnknownMarkWarning: Unknown pytest.mark.migrations - is this a typo?  You can register custom marks to avoid this warning - for details, see https://docs.pytest.org/en/stable/how-to/mark.html
    @pytest.mark.migrations

tests\database\test_migrations.py:214
  D:\Projects\TraeProjects\skiller\.trae\skills\sanliu\backend\tests\database\test_migrations.py:214: PytestUnknownMarkWarning: Unknown pytest.mark.database - is this a typo?  You can register custom marks to avoid this warning - for details, see https://docs.pytest.org/en/stable/how-to/mark.html
    @pytest.mark.database

tests\database\test_migrations.py:215
  D:\Projects\TraeProjects\skiller\.trae\skills\sanliu\backend\tests\database\test_migrations.py:215: PytestUnknownMarkWarning: Unknown pytest.mark.migrations - is this a typo?  You can register custom marks to avoid this warning - for details, see https://docs.pytest.org/en/stable/how-to/mark.html
    @pytest.mark.migrations

tests\database\test_migrations.py:279
  D:\Projects\TraeProjects\skiller\.trae\skills\sanliu\backend\tests\database\test_migrations.py:279: PytestUnknownMarkWarning: Unknown pytest.mark.database - is this a typo?  You can register custom marks to avoid this warning - for details, see https://docs.pytest.org/en/stable/how-to/mark.html
    @pytest.mark.database

tests\database\test_migrations.py:280
  D:\Projects\TraeProjects\skiller\.trae\skills\sanliu\backend\tests\database\test_migrations.py:280: PytestUnknownMarkWarning: Unknown pytest.mark.migrations - is this a typo?  You can register custom marks to avoid this warning - for details, see https://docs.pytest.org/en/stable/how-to/mark.html
    @pytest.mark.migrations

tests\database\test_migrations.py:341
  D:\Projects\TraeProjects\skiller\.trae\skills\sanliu\backend\tests\database\test_migrations.py:341: PytestUnknownMarkWarning: Unknown pytest.mark.database - is this a typo?  You can register custom marks to avoid this warning - for details, see https://docs.pytest.org/en/stable/how-to/mark.html
    @pytest.mark.database

tests\database\test_migrations.py:342
  D:\Projects\TraeProjects\skiller\.trae\skills\sanliu\backend\tests\database\test_migrations.py:342: PytestUnknownMarkWarning: Unknown pytest.mark.migrations - is this a typo?  You can register custom marks to avoid this warning - for details, see https://docs.pytest.org/en/stable/how-to/mark.html
    @pytest.mark.migrations

tests\database\test_migrations.py:375
  D:\Projects\TraeProjects\skiller\.trae\skills\sanliu\backend\tests\database\test_migrations.py:375: PytestUnknownMarkWarning: Unknown pytest.mark.database - is this a typo?  You can register custom marks to avoid this warning - for details, see https://docs.pytest.org/en/stable/how-to/mark.html
    @pytest.mark.database

tests\database\test_migrations.py:376
  D:\Projects\TraeProjects\skiller\.trae\skills\sanliu\backend\tests\database\test_migrations.py:376: PytestUnknownMarkWarning: Unknown pytest.mark.migrations - is this a typo?  You can register custom marks to avoid this warning - for details, see https://docs.pytest.org/en/stable/how-to/mark.html
    @pytest.mark.migrations

tests\database\test_migrations.py:422
  D:\Projects\TraeProjects\skiller\.trae\skills\sanliu\backend\tests\database\test_migrations.py:422: PytestUnknownMarkWarning: Unknown pytest.mark.database - is this a typo?  You can register custom marks to avoid this warning - for details, see https://docs.pytest.org/en/stable/how-to/mark.html
    @pytest.mark.database

tests\database\test_migrations.py:423
  D:\Projects\TraeProjects\skiller\.trae\skills\sanliu\backend\tests\database\test_migrations.py:423: PytestUnknownMarkWarning: Unknown pytest.mark.migrations - is this a typo?  You can register custom marks to avoid this warning - for details, see https://docs.pytest.org/en/stable/how-to/mark.html
    @pytest.mark.migrations

tests\database\test_migrations.py:471
  D:\Projects\TraeProjects\skiller\.trae\skills\sanliu\backend\tests\database\test_migrations.py:471: PytestUnknownMarkWarning: Unknown pytest.mark.database - is this a typo?  You can register custom marks to avoid this warning - for details, see https://docs.pytest.org/en/stable/how-to/mark.html
    @pytest.mark.database

tests\database\test_migrations.py:472
  D:\Projects\TraeProjects\skiller\.trae\skills\sanliu\backend\tests\database\test_migrations.py:472: PytestUnknownMarkWarning: Unknown pytest.mark.migrations - is this a typo?  You can register custom marks to avoid this warning - for details, see https://docs.pytest.org/en/stable/how-to/mark.html
    @pytest.mark.migrations

tests\database\test_migrations.py:525
  D:\Projects\TraeProjects\skiller\.trae\skills\sanliu\backend\tests\database\test_migrations.py:525: PytestUnknownMarkWarning: Unknown pytest.mark.database - is this a typo?  You can register custom marks to avoid this warning - for details, see https://docs.pytest.org/en/stable/how-to/mark.html
    @pytest.mark.database

tests\database\test_migrations.py:526
  D:\Projects\TraeProjects\skiller\.trae\skills\sanliu\backend\tests\database\test_migrations.py:526: PytestUnknownMarkWarning: Unknown pytest.mark.migrations - is this a typo?  You can register custom marks to avoid this warning - for details, see https://docs.pytest.org/en/stable/how-to/mark.html
    @pytest.mark.migrations

tests\database\test_model_operations.py:33
  D:\Projects\TraeProjects\skiller\.trae\skills\sanliu\backend\tests\database\test_model_operations.py:33: PytestUnknownMarkWarning: Unknown pytest.mark.database - is this a typo?  You can register custom marks to avoid this warning - for details, see https://docs.pytest.org/en/stable/how-to/mark.html
    @pytest.mark.database

tests\database\test_model_operations.py:34
  D:\Projects\TraeProjects\skiller\.trae\skills\sanliu\backend\tests\database\test_model_operations.py:34: PytestUnknownMarkWarning: Unknown pytest.mark.models - is this a typo?  You can register custom marks to avoid this warning - for details, see https://docs.pytest.org/en/stable/how-to/mark.html
    @pytest.mark.models

tests\database\test_model_operations.py:132
  D:\Projects\TraeProjects\skiller\.trae\skills\sanliu\backend\tests\database\test_model_operations.py:132: PytestUnknownMarkWarning: Unknown pytest.mark.database - is this a typo?  You can register custom marks to avoid this warning - for details, see https://docs.pytest.org/en/stable/how-to/mark.html
    @pytest.mark.database

tests\database\test_model_operations.py:133
  D:\Projects\TraeProjects\skiller\.trae\skills\sanliu\backend\tests\database\test_model_operations.py:133: PytestUnknownMarkWarning: Unknown pytest.mark.models - is this a typo?  You can register custom marks to avoid this warning - for details, see https://docs.pytest.org/en/stable/how-to/mark.html
    @pytest.mark.models

tests\database\test_model_operations.py:257
  D:\Projects\TraeProjects\skiller\.trae\skills\sanliu\backend\tests\database\test_model_operations.py:257: PytestUnknownMarkWarning: Unknown pytest.mark.database - is this a typo?  You can register custom marks to avoid this warning - for details, see https://docs.pytest.org/en/stable/how-to/mark.html
    @pytest.mark.database

tests\database\test_model_operations.py:258
  D:\Projects\TraeProjects\skiller\.trae\skills\sanliu\backend\tests\database\test_model_operations.py:258: PytestUnknownMarkWarning: Unknown pytest.mark.models - is this a typo?  You can register custom marks to avoid this warning - for details, see https://docs.pytest.org/en/stable/how-to/mark.html
    @pytest.mark.models

tests\database\test_model_operations.py:336
  D:\Projects\TraeProjects\skiller\.trae\skills\sanliu\backend\tests\database\test_model_operations.py:336: PytestUnknownMarkWarning: Unknown pytest.mark.database - is this a typo?  You can register custom marks to avoid this warning - for details, see https://docs.pytest.org/en/stable/how-to/mark.html
    @pytest.mark.database

tests\database\test_model_operations.py:337
  D:\Projects\TraeProjects\skiller\.trae\skills\sanliu\backend\tests\database\test_model_operations.py:337: PytestUnknownMarkWarning: Unknown pytest.mark.models - is this a typo?  You can register custom marks to avoid this warning - for details, see https://docs.pytest.org/en/stable/how-to/mark.html
    @pytest.mark.models

tests\database\test_model_operations.py:393
  D:\Projects\TraeProjects\skiller\.trae\skills\sanliu\backend\tests\database\test_model_operations.py:393: PytestUnknownMarkWarning: Unknown pytest.mark.database - is this a typo?  You can register custom marks to avoid this warning - for details, see https://docs.pytest.org/en/stable/how-to/mark.html
    @pytest.mark.database

tests\database\test_model_operations.py:394
  D:\Projects\TraeProjects\skiller\.trae\skills\sanliu\backend\tests\database\test_model_operations.py:394: PytestUnknownMarkWarning: Unknown pytest.mark.models - is this a typo?  You can register custom marks to avoid this warning - for details, see https://docs.pytest.org/en/stable/how-to/mark.html
    @pytest.mark.models

tests\database\test_model_operations.py:474
  D:\Projects\TraeProjects\skiller\.trae\skills\sanliu\backend\tests\database\test_model_operations.py:474: PytestUnknownMarkWarning: Unknown pytest.mark.database - is this a typo?  You can register custom marks to avoid this warning - for details, see https://docs.pytest.org/en/stable/how-to/mark.html
    @pytest.mark.database

tests\database\test_model_operations.py:475
  D:\Projects\TraeProjects\skiller\.trae\skills\sanliu\backend\tests\database\test_model_operations.py:475: PytestUnknownMarkWarning: Unknown pytest.mark.models - is this a typo?  You can register custom marks to avoid this warning - for details, see https://docs.pytest.org/en/stable/how-to/mark.html
    @pytest.mark.models

tests\database\test_model_operations.py:534
  D:\Projects\TraeProjects\skiller\.trae\skills\sanliu\backend\tests\database\test_model_operations.py:534: PytestUnknownMarkWarning: Unknown pytest.mark.database - is this a typo?  You can register custom marks to avoid this warning - for details, see https://docs.pytest.org/en/stable/how-to/mark.html
    @pytest.mark.database

tests\database\test_model_operations.py:535
  D:\Projects\TraeProjects\skiller\.trae\skills\sanliu\backend\tests\database\test_model_operations.py:535: PytestUnknownMarkWarning: Unknown pytest.mark.models - is this a typo?  You can register custom marks to avoid this warning - for details, see https://docs.pytest.org/en/stable/how-to/mark.html
    @pytest.mark.models

tests\database\test_model_operations.py:583
  D:\Projects\TraeProjects\skiller\.trae\skills\sanliu\backend\tests\database\test_model_operations.py:583: PytestUnknownMarkWarning: Unknown pytest.mark.database - is this a typo?  You can register custom marks to avoid this warning - for details, see https://docs.pytest.org/en/stable/how-to/mark.html
    @pytest.mark.database

tests\database\test_model_operations.py:584
  D:\Projects\TraeProjects\skiller\.trae\skills\sanliu\backend\tests\database\test_model_operations.py:584: PytestUnknownMarkWarning: Unknown pytest.mark.models - is this a typo?  You can register custom marks to avoid this warning - for details, see https://docs.pytest.org/en/stable/how-to/mark.html
    @pytest.mark.models

tests\database\test_model_operations.py:651
  D:\Projects\TraeProjects\skiller\.trae\skills\sanliu\backend\tests\database\test_model_operations.py:651: PytestUnknownMarkWarning: Unknown pytest.mark.database - is this a typo?  You can register custom marks to avoid this warning - for details, see https://docs.pytest.org/en/stable/how-to/mark.html
    @pytest.mark.database

tests\database\test_model_operations.py:652
  D:\Projects\TraeProjects\skiller\.trae\skills\sanliu\backend\tests\database\test_model_operations.py:652: PytestUnknownMarkWarning: Unknown pytest.mark.models - is this a typo?  You can register custom marks to avoid this warning - for details, see https://docs.pytest.org/en/stable/how-to/mark.html
    @pytest.mark.models

tests\database\test_model_operations.py:699
  D:\Projects\TraeProjects\skiller\.trae\skills\sanliu\backend\tests\database\test_model_operations.py:699: PytestUnknownMarkWarning: Unknown pytest.mark.database - is this a typo?  You can register custom marks to avoid this warning - for details, see https://docs.pytest.org/en/stable/how-to/mark.html
    @pytest.mark.database

tests\database\test_model_operations.py:700
  D:\Projects\TraeProjects\skiller\.trae\skills\sanliu\backend\tests\database\test_model_operations.py:700: PytestUnknownMarkWarning: Unknown pytest.mark.models - is this a typo?  You can register custom marks to avoid this warning - for details, see https://docs.pytest.org/en/stable/how-to/mark.html
    @pytest.mark.models

tests\database\test_model_operations.py:729
  D:\Projects\TraeProjects\skiller\.trae\skills\sanliu\backend\tests\database\test_model_operations.py:729: PytestUnknownMarkWarning: Unknown pytest.mark.database - is this a typo?  You can register custom marks to avoid this warning - for details, see https://docs.pytest.org/en/stable/how-to/mark.html
    @pytest.mark.database

tests\database\test_model_operations.py:730
  D:\Projects\TraeProjects\skiller\.trae\skills\sanliu\backend\tests\database\test_model_operations.py:730: PytestUnknownMarkWarning: Unknown pytest.mark.models - is this a typo?  You can register custom marks to avoid this warning - for details, see https://docs.pytest.org/en/stable/how-to/mark.html
    @pytest.mark.models

tests\database\test_model_operations.py:782
  D:\Projects\TraeProjects\skiller\.trae\skills\sanliu\backend\tests\database\test_model_operations.py:782: PytestUnknownMarkWarning: Unknown pytest.mark.database - is this a typo?  You can register custom marks to avoid this warning - for details, see https://docs.pytest.org/en/stable/how-to/mark.html
    @pytest.mark.database

tests\database\test_model_operations.py:783
  D:\Projects\TraeProjects\skiller\.trae\skills\sanliu\backend\tests\database\test_model_operations.py:783: PytestUnknownMarkWarning: Unknown pytest.mark.models - is this a typo?  You can register custom marks to avoid this warning - for details, see https://docs.pytest.org/en/stable/how-to/mark.html
    @pytest.mark.models

tests\database\test_model_operations.py:819
  D:\Projects\TraeProjects\skiller\.trae\skills\sanliu\backend\tests\database\test_model_operations.py:819: PytestUnknownMarkWarning: Unknown pytest.mark.database - is this a typo?  You can register custom marks to avoid this warning - for details, see https://docs.pytest.org/en/stable/how-to/mark.html
    @pytest.mark.database

tests\database\test_model_operations.py:820
  D:\Projects\TraeProjects\skiller\.trae\skills\sanliu\backend\tests\database\test_model_operations.py:820: PytestUnknownMarkWarning: Unknown pytest.mark.models - is this a typo?  You can register custom marks to avoid this warning - for details, see https://docs.pytest.org/en/stable/how-to/mark.html
    @pytest.mark.models

tests\database\test_model_operations.py:846
  D:\Projects\TraeProjects\skiller\.trae\skills\sanliu\backend\tests\database\test_model_operations.py:846: PytestUnknownMarkWarning: Unknown pytest.mark.database - is this a typo?  You can register custom marks to avoid this warning - for details, see https://docs.pytest.org/en/stable/how-to/mark.html
    @pytest.mark.database

tests\database\test_model_operations.py:847
  D:\Projects\TraeProjects\skiller\.trae\skills\sanliu\backend\tests\database\test_model_operations.py:847: PytestUnknownMarkWarning: Unknown pytest.mark.models - is this a typo?  You can register custom marks to avoid this warning - for details, see https://docs.pytest.org/en/stable/how-to/mark.html
    @pytest.mark.models

tests\database\test_model_operations.py:878
  D:\Projects\TraeProjects\skiller\.trae\skills\sanliu\backend\tests\database\test_model_operations.py:878: PytestUnknownMarkWarning: Unknown pytest.mark.database - is this a typo?  You can register custom marks to avoid this warning - for details, see https://docs.pytest.org/en/stable/how-to/mark.html
    @pytest.mark.database

tests\database\test_model_operations.py:879
  D:\Projects\TraeProjects\skiller\.trae\skills\sanliu\backend\tests\database\test_model_operations.py:879: PytestUnknownMarkWarning: Unknown pytest.mark.models - is this a typo?  You can register custom marks to avoid this warning - for details, see https://docs.pytest.org/en/stable/how-to/mark.html
    @pytest.mark.models

tests\database\test_model_operations.py:927
  D:\Projects\TraeProjects\skiller\.trae\skills\sanliu\backend\tests\database\test_model_operations.py:927: PytestUnknownMarkWarning: Unknown pytest.mark.database - is this a typo?  You can register custom marks to avoid this warning - for details, see https://docs.pytest.org/en/stable/how-to/mark.html
    @pytest.mark.database

tests\database\test_model_operations.py:928
  D:\Projects\TraeProjects\skiller\.trae\skills\sanliu\backend\tests\database\test_model_operations.py:928: PytestUnknownMarkWarning: Unknown pytest.mark.models - is this a typo?  You can register custom marks to avoid this warning - for details, see https://docs.pytest.org/en/stable/how-to/mark.html
    @pytest.mark.models

tests\database\test_model_operations.py:984
  D:\Projects\TraeProjects\skiller\.trae\skills\sanliu\backend\tests\database\test_model_operations.py:984: PytestUnknownMarkWarning: Unknown pytest.mark.database - is this a typo?  You can register custom marks to avoid this warning - for details, see https://docs.pytest.org/en/stable/how-to/mark.html
    @pytest.mark.database

tests\database\test_model_operations.py:985
  D:\Projects\TraeProjects\skiller\.trae\skills\sanliu\backend\tests\database\test_model_operations.py:985: PytestUnknownMarkWarning: Unknown pytest.mark.models - is this a typo?  You can register custom marks to avoid this warning - for details, see https://docs.pytest.org/en/stable/how-to/mark.html
    @pytest.mark.models

tests\database\test_model_operations.py:1043
  D:\Projects\TraeProjects\skiller\.trae\skills\sanliu\backend\tests\database\test_model_operations.py:1043: PytestUnknownMarkWarning: Unknown pytest.mark.database - is this a typo?  You can register custom marks to avoid this warning - for details, see https://docs.pytest.org/en/stable/how-to/mark.html
    @pytest.mark.database

tests\database\test_model_operations.py:1044
  D:\Projects\TraeProjects\skiller\.trae\skills\sanliu\backend\tests\database\test_model_operations.py:1044: PytestUnknownMarkWarning: Unknown pytest.mark.models - is this a typo?  You can register custom marks to avoid this warning - for details, see https://docs.pytest.org/en/stable/how-to/mark.html
    @pytest.mark.models

tests\database\test_model_operations.py:1099
  D:\Projects\TraeProjects\skiller\.trae\skills\sanliu\backend\tests\database\test_model_operations.py:1099: PytestUnknownMarkWarning: Unknown pytest.mark.database - is this a typo?  You can register custom marks to avoid this warning - for details, see https://docs.pytest.org/en/stable/how-to/mark.html
    @pytest.mark.database

tests\database\test_model_operations.py:1100
  D:\Projects\TraeProjects\skiller\.trae\skills\sanliu\backend\tests\database\test_model_operations.py:1100: PytestUnknownMarkWarning: Unknown pytest.mark.models - is this a typo?  You can register custom marks to avoid this warning - for details, see https://docs.pytest.org/en/stable/how-to/mark.html
    @pytest.mark.models

tests\database\test_models.py:32
  D:\Projects\TraeProjects\skiller\.trae\skills\sanliu\backend\tests\database\test_models.py:32: PytestUnknownMarkWarning: Unknown pytest.mark.database - is this a typo?  You can register custom marks to avoid this warning - for details, see https://docs.pytest.org/en/stable/how-to/mark.html
    @pytest.mark.database

tests\database\test_models.py:33
  D:\Projects\TraeProjects\skiller\.trae\skills\sanliu\backend\tests\database\test_models.py:33: PytestUnknownMarkWarning: Unknown pytest.mark.models - is this a typo?  You can register custom marks to avoid this warning - for details, see https://docs.pytest.org/en/stable/how-to/mark.html
    @pytest.mark.models

tests\database\test_models.py:122
  D:\Projects\TraeProjects\skiller\.trae\skills\sanliu\backend\tests\database\test_models.py:122: PytestUnknownMarkWarning: Unknown pytest.mark.database - is this a typo?  You can register custom marks to avoid this warning - for details, see https://docs.pytest.org/en/stable/how-to/mark.html
    @pytest.mark.database

tests\database\test_models.py:123
  D:\Projects\TraeProjects\skiller\.trae\skills\sanliu\backend\tests\database\test_models.py:123: PytestUnknownMarkWarning: Unknown pytest.mark.models - is this a typo?  You can register custom marks to avoid this warning - for details, see https://docs.pytest.org/en/stable/how-to/mark.html
    @pytest.mark.models

tests\database\test_models.py:197
  D:\Projects\TraeProjects\skiller\.trae\skills\sanliu\backend\tests\database\test_models.py:197: PytestUnknownMarkWarning: Unknown pytest.mark.database - is this a typo?  You can register custom marks to avoid this warning - for details, see https://docs.pytest.org/en/stable/how-to/mark.html
    @pytest.mark.database

tests\database\test_models.py:198
  D:\Projects\TraeProjects\skiller\.trae\skills\sanliu\backend\tests\database\test_models.py:198: PytestUnknownMarkWarning: Unknown pytest.mark.models - is this a typo?  You can register custom marks to avoid this warning - for details, see https://docs.pytest.org/en/stable/how-to/mark.html
    @pytest.mark.models

tests\database\test_models.py:256
  D:\Projects\TraeProjects\skiller\.trae\skills\sanliu\backend\tests\database\test_models.py:256: PytestUnknownMarkWarning: Unknown pytest.mark.database - is this a typo?  You can register custom marks to avoid this warning - for details, see https://docs.pytest.org/en/stable/how-to/mark.html
    @pytest.mark.database

tests\database\test_models.py:257
  D:\Projects\TraeProjects\skiller\.trae\skills\sanliu\backend\tests\database\test_models.py:257: PytestUnknownMarkWarning: Unknown pytest.mark.models - is this a typo?  You can register custom marks to avoid this warning - for details, see https://docs.pytest.org/en/stable/how-to/mark.html
    @pytest.mark.models

tests\database\test_models.py:306
  D:\Projects\TraeProjects\skiller\.trae\skills\sanliu\backend\tests\database\test_models.py:306: PytestUnknownMarkWarning: Unknown pytest.mark.database - is this a typo?  You can register custom marks to avoid this warning - for details, see https://docs.pytest.org/en/stable/how-to/mark.html
    @pytest.mark.database

tests\database\test_models.py:307
  D:\Projects\TraeProjects\skiller\.trae\skills\sanliu\backend\tests\database\test_models.py:307: PytestUnknownMarkWarning: Unknown pytest.mark.models - is this a typo?  You can register custom marks to avoid this warning - for details, see https://docs.pytest.org/en/stable/how-to/mark.html
    @pytest.mark.models

tests\database\test_models.py:361
  D:\Projects\TraeProjects\skiller\.trae\skills\sanliu\backend\tests\database\test_models.py:361: PytestUnknownMarkWarning: Unknown pytest.mark.database - is this a typo?  You can register custom marks to avoid this warning - for details, see https://docs.pytest.org/en/stable/how-to/mark.html
    @pytest.mark.database

tests\database\test_models.py:362
  D:\Projects\TraeProjects\skiller\.trae\skills\sanliu\backend\tests\database\test_models.py:362: PytestUnknownMarkWarning: Unknown pytest.mark.models - is this a typo?  You can register custom marks to avoid this warning - for details, see https://docs.pytest.org/en/stable/how-to/mark.html
    @pytest.mark.models

tests\database\test_models.py:415
  D:\Projects\TraeProjects\skiller\.trae\skills\sanliu\backend\tests\database\test_models.py:415: PytestUnknownMarkWarning: Unknown pytest.mark.database - is this a typo?  You can register custom marks to avoid this warning - for details, see https://docs.pytest.org/en/stable/how-to/mark.html
    @pytest.mark.database

tests\database\test_models.py:416
  D:\Projects\TraeProjects\skiller\.trae\skills\sanliu\backend\tests\database\test_models.py:416: PytestUnknownMarkWarning: Unknown pytest.mark.models - is this a typo?  You can register custom marks to avoid this warning - for details, see https://docs.pytest.org/en/stable/how-to/mark.html
    @pytest.mark.models

tests\database\test_models.py:460
  D:\Projects\TraeProjects\skiller\.trae\skills\sanliu\backend\tests\database\test_models.py:460: PytestUnknownMarkWarning: Unknown pytest.mark.database - is this a typo?  You can register custom marks to avoid this warning - for details, see https://docs.pytest.org/en/stable/how-to/mark.html
    @pytest.mark.database

tests\database\test_models.py:461
  D:\Projects\TraeProjects\skiller\.trae\skills\sanliu\backend\tests\database\test_models.py:461: PytestUnknownMarkWarning: Unknown pytest.mark.models - is this a typo?  You can register custom marks to avoid this warning - for details, see https://docs.pytest.org/en/stable/how-to/mark.html
    @pytest.mark.models

tests\database\test_models.py:488
  D:\Projects\TraeProjects\skiller\.trae\skills\sanliu\backend\tests\database\test_models.py:488: PytestUnknownMarkWarning: Unknown pytest.mark.database - is this a typo?  You can register custom marks to avoid this warning - for details, see https://docs.pytest.org/en/stable/how-to/mark.html
    @pytest.mark.database

tests\database\test_models.py:489
  D:\Projects\TraeProjects\skiller\.trae\skills\sanliu\backend\tests\database\test_models.py:489: PytestUnknownMarkWarning: Unknown pytest.mark.models - is this a typo?  You can register custom marks to avoid this warning - for details, see https://docs.pytest.org/en/stable/how-to/mark.html
    @pytest.mark.models

tests\database\test_models.py:514
  D:\Projects\TraeProjects\skiller\.trae\skills\sanliu\backend\tests\database\test_models.py:514: PytestUnknownMarkWarning: Unknown pytest.mark.database - is this a typo?  You can register custom marks to avoid this warning - for details, see https://docs.pytest.org/en/stable/how-to/mark.html
    @pytest.mark.database

tests\database\test_models.py:515
  D:\Projects\TraeProjects\skiller\.trae\skills\sanliu\backend\tests\database\test_models.py:515: PytestUnknownMarkWarning: Unknown pytest.mark.models - is this a typo?  You can register custom marks to avoid this warning - for details, see https://docs.pytest.org/en/stable/how-to/mark.html
    @pytest.mark.models

tests\database\test_models.py:542
  D:\Projects\TraeProjects\skiller\.trae\skills\sanliu\backend\tests\database\test_models.py:542: PytestUnknownMarkWarning: Unknown pytest.mark.database - is this a typo?  You can register custom marks to avoid this warning - for details, see https://docs.pytest.org/en/stable/how-to/mark.html
    @pytest.mark.database

tests\database\test_models.py:543
  D:\Projects\TraeProjects\skiller\.trae\skills\sanliu\backend\tests\database\test_models.py:543: PytestUnknownMarkWarning: Unknown pytest.mark.models - is this a typo?  You can register custom marks to avoid this warning - for details, see https://docs.pytest.org/en/stable/how-to/mark.html
    @pytest.mark.models

[...]
ERROR tests/database/test_advanced_performance.py::TestDatabaseStats::test_distinct_query_performance
ERROR tests/database/test_advanced_performance.py::TestDatabaseStats::test_exists_query_performance
ERROR tests/database/test_integrity.py::TestNotNullConstraints::test_department_pinyin_not_null
ERROR tests/database/test_integrity.py::TestNotNullConstraints::test_skill_call_name_not_null
ERROR tests/database/test_integrity.py::TestNotNullConstraints::test_code_change_type_not_null
ERROR tests/database/test_integrity.py::TestUniqueConstraints::test_department_pinyin_unique
ERROR tests/database/test_integrity.py::TestUniqueConstraints::test_multiple_departments_different_pinyin
ERROR tests/database/test_integrity.py::TestForeignKeyConstraints::test_agent_department_fk_invalid
ERROR tests/database/test_integrity.py::TestForeignKeyConstraints::test_assignment_task_fk_valid
ERROR tests/database/test_integrity.py::TestForeignKeyConstraints::test_assignment_agent_fk_valid
ERROR tests/database/test_integrity.py::TestForeignKeyConstraints::test_code_change_skill_call_fk_valid
ERROR tests/database/test_integrity.py::TestForeignKeyConstraints::test_code_change_skill_call_fk_invalid
ERROR tests/database/test_integrity.py::TestForeignKeyConstraints::test_acceptance_test_project_fk_valid
ERROR tests/database/test_integrity.py::TestNullableForeignKeys::test_task_agent_nullable
ERROR tests/database/test_integrity.py::TestNullableForeignKeys::test_skill_call_parent_nullable
ERROR tests/database/test_integrity.py::TestNullableForeignKeys::test_department_parent_nullable
ERROR tests/database/test_integrity.py::TestNullableForeignKeys::test_assignment_skill_call_nullable
ERROR tests/database/test_integrity.py::TestDataValidation::test_task_status_valid
ERROR tests/database/test_integrity.py::TestDataValidation::test_task_priority_valid
ERROR tests/database/test_integrity.py::TestJSONFieldIntegrity::test_agent_skills_json
ERROR tests/database/test_integrity.py::TestJSONFieldIntegrity::test_skill_call_details_json
ERROR tests/database/test_integrity.py::TestJSONFieldIntegrity::test_empty_json_fields
ERROR tests/database/test_integrity.py::TestNumericConstraints::test_agent_load_values
ERROR tests/database/test_integrity.py::TestNumericConstraints::test_task_hours_values
ERROR tests/database/test_integrity.py::TestDateTimeConstraints::test_project_created_at_auto
ERROR tests/database/test_integrity.py::TestDateTimeConstraints::test_task_completed_at_nullable
ERROR tests/database/test_integrity.py::TestDateTimeConstraints::test_task_completed_at_set
ERROR tests/database/test_integrity.py::TestDateTimeConstraints::test_milestone_dates
ERROR tests/database/test_migrations.py::TestSchemaCreation::test_create_all_tables
ERROR tests/database/test_migrations.py::TestSchemaCreation::test_drop_all_tables
ERROR tests/database/test_migrations.py::TestTableColumns::test_task_columns
ERROR tests/database/test_migrations.py::TestTableColumns::test_agent_columns
ERROR tests/database/test_migrations.py::TestPrimaryKeys::test_project_primary_key
ERROR tests/database/test_migrations.py::TestPrimaryKeys::test_task_primary_key
ERROR tests/database/test_migrations.py::TestPrimaryKeys::test_agent_primary_key
ERROR tests/database/test_migrations.py::TestNullableColumns::test_project_name_not_nullable
ERROR tests/database/test_migrations.py::TestMigrationCompatibility::test_data_preservation_after_recreate
ERROR tests/database/test_model_operations.py::TestProjectOperations::test_create_project_with_all_fields
ERROR tests/database/test_model_operations.py::TestProjectOperations::test_project_status_transitions_valid
ERROR tests/database/test_model_operations.py::TestProjectOperations::test_project_filter_by_status
ERROR tests/database/test_model_operations.py::TestProjectOperations::test_project_search_by_name
ERROR tests/database/test_model_operations.py::TestProjectOperations::test_project_update_tech_stack
ERROR tests/database/test_model_operations.py::TestTaskOperations::test_task_assign_to_agent
ERROR tests/database/test_model_operations.py::TestDepartmentOperations::test_department_level_query
ERROR tests/database/test_model_operations.py::TestSkillCallOperations::test_skill_call_lifecycle
ERROR tests/database/test_model_operations.py::TestSkillCallOperations::test_skill_call_reasoning_log
ERROR tests/database/test_model_operations.py::TestSkillCallOperations::test_skill_call_filter_by_status
ERROR tests/database/test_model_operations.py::TestAssignmentOperations::test_assignment_create_and_complete
ERROR tests/database/test_model_operations.py::TestCodeChangeOperations::test_code_change_types
ERROR tests/database/test_model_operations.py::TestHumanApprovalOperations::test_human_approval_rejection
ERROR tests/database/test_model_operations.py::TestNonFunctionalCheckOperations::test_security_check
ERROR tests/database/test_model_operations.py::TestComplexRelationships::test_project_with_all_artifacts
ERROR tests/database/test_models.py::TestProjectModel::test_create_project - ...
ERROR tests/database/test_models.py::TestProjectModel::test_read_project - sq...
ERROR tests/database/test_models.py::TestTaskModel::test_task_project_relationship
ERROR tests/database/test_models.py::TestTaskModel::test_task_dependencies - ...
ERROR tests/database/test_models.py::TestTaskModel::test_task_estimated_hours
ERROR tests/database/test_models.py::TestDepartmentModel::test_create_department
ERROR tests/database/test_models.py::TestDepartmentModel::test_department_hierarchy
ERROR tests/database/test_models.py::TestDepartmentModel::test_department_pinyin_unique
ERROR tests/database/test_models.py::TestSkillCallModel::test_create_skill_call
ERROR tests/database/test_models.py::TestSkillCallModel::test_skill_call_parent_child_relationship
ERROR tests/database/test_models.py::TestSkillCallModel::test_skill_call_input_output
ERROR tests/database/test_models.py::TestAssignmentModel::test_create_assignment
ERROR tests/database/test_models.py::TestAssignmentModel::test_assignment_relationships
ERROR tests/database/test_models.py::TestAcceptanceTestModel::test_create_acceptance_test
ERROR tests/database/test_models.py::TestCodeChangeModel::test_create_code_change
ERROR tests/database/test_models.py::TestDecisionLogModel::test_create_decision_log
ERROR tests/database/test_models.py::TestHumanApprovalModel::test_create_human_approval
ERROR tests/database/test_models.py::TestInputOutputTraceModel::test_create_io_trace
ERROR tests/database/test_models.py::TestIntermediateArtifactModel::test_create_artifact
ERROR tests/database/test_models.py::TestMilestoneModel::test_create_milestone
ERROR tests/database/test_models.py::TestMilestoneModel::test_milestone_completion
ERROR tests/database/test_models.py::TestMutationTestResultModel::test_create_mutation_result
ERROR tests/database/test_models.py::TestClarificationQuestionModel::test_create_clarification_question
ERROR tests/database/test_models.py::TestModelRelationships::test_project_full_workflow
ERROR tests/database/test_models.py::TestModelRelationships::test_skill_call_with_code_changes
ERROR tests/database/test_performance.py::TestDatabasePerformance::test_bulk_insert_performance
ERROR tests/database/test_performance.py::TestDatabasePerformance::test_bulk_query_performance
ERROR tests/database/test_performance.py::TestDatabasePerformance::test_complex_join_performance
ERROR tests/database/test_performance.py::TestDatabasePerformance::test_index_usage
ERROR tests/database/test_performance.py::TestDatabaseConcurrency::test_concurrent_reads
ERROR tests/database/test_performance.py::TestDatabaseMemory::test_many_relationships
ERROR tests/database/test_performance.py::TestQueryOptimization::test_eager_loading
ERROR tests/database/test_performance.py::TestQueryOptimization::test_lazy_loading
ERROR tests/database/test_performance.py::TestQueryOptimization::test_pagination_efficiency
ERROR tests/database/test_performance.py::TestDatabaseAggregation::test_count_aggregation
ERROR tests/database/test_performance.py::TestDatabaseAggregation::test_group_by_aggregation
ERROR tests/database/test_performance.py::TestDatabaseAggregation::test_date_aggregation
ERROR tests/models/test_project.py::TestProjectModel::test_project_creation
ERROR tests/models/test_project.py::TestProjectModel::test_project_default_status
ERROR tests/models/test_project.py::TestProjectModel::test_project_status_history_default
ERROR tests/models/test_project.py::TestProjectModel::test_project_update - s...
ERROR tests/models/test_project.py::TestProjectModel::test_project_with_long_name
ERROR tests/models/test_project.py::TestProjectModel::test_project_with_unicode_name
ERROR tests/models/test_project.py::TestProjectStatusHistory::test_status_history_storage
ERROR tests/models/test_project.py::TestProjectStatusHistory::test_status_history_append
ERROR tests/models/test_project.py::TestProjectQuery::test_query_by_name - sq...
ERROR tests/models/test_project.py::TestProjectQuery::test_query_order_by_created_at
ERROR tests/models/test_project.py::TestProjectQuery::test_query_like_name - ...
ERROR tests/models/test_project.py::TestProjectDeletion::test_delete_project
ERROR tests/models/test_project.py::TestProjectEdgeCases::test_project_with_empty_tech_stack
ERROR tests/models/test_project.py::TestProjectPerformance::test_query_performance
ERROR tests/regression/test_auth_regression.py::TestAuthenticationRegression::test_xss_prevention
ERROR tests/regression/test_auth_regression.py::TestAuthenticationRegression::test_rate_limiting
ERROR tests/regression/test_auth_regression.py::TestAuthenticationRegression::test_error_message_safety
ERROR tests/regression/test_auth_regression.py::TestAuthenticationRegression::test_cors_configuration
ERROR tests/regression/test_auth_regression.py::TestAuthenticationRegression::test_content_type_validation
ERROR tests/regression/test_auth_regression.py::TestAuthenticationRegression::test_http_method_validation
ERROR tests/regression/test_auth_regression.py::TestAuthenticationRegression::test_request_size_limit
ERROR tests/regression/test_auth_regression.py::TestAuthorizationRegression::test_resource_access_control
ERROR tests/regression/test_auth_regression.py::TestSessionManagement::test_session_timeout
ERROR tests/regression/test_auth_regression.py::TestDataProtection::test_audit_logging
ERROR tests/regression/test_report_regression.py::TestReportGenerationRegression::test_report_generation_full
ERROR tests/regression/test_report_regression.py::TestReportGenerationRegression::test_report_generation_empty_project
ERROR tests/regression/test_report_regression.py::TestReportEdgeCases::test_statistics_with_large_numbers
ERROR tests/regression/test_report_regression.py::TestReportEdgeCases::test_report_with_null_values
ERROR tests/regression/test_task_regression.py::TestTaskManagementRegression::test_task_search_functionality
ERROR tests/regression/test_task_regression.py::TestTaskManagementRegression::test_task_filter_by_status
ERROR tests/regression/test_task_regression.py::TestTaskEdgeCases::test_empty_task_list
ERROR tests/regression/test_task_regression.py::TestTaskEdgeCases::test_task_not_found_scenarios
ERROR tests/regression/test_task_regression.py::TestTaskEdgeCases::test_task_with_invalid_project
ERROR tests/regression/test_task_regression.py::TestTaskEdgeCases::test_task_with_invalid_agent
ERROR tests/regression/test_task_regression.py::TestTaskEdgeCases::test_task_unicode_support
ERROR tests/regression/test_task_regression.py::TestTaskEdgeCases::test_task_large_description
ERROR tests/regression/test_task_regression.py::TestTaskPerformance::test_search_tasks_performance
ERROR tests/regression/test_task_regression.py::TestTaskPerformance::test_task_stats_performance
ERROR tests/services/test_pipeline_stage.py::TestStageExecutor::test_start_stage_success
ERROR tests/services/test_pipeline_stage.py::TestStageExecutor::test_start_stage_not_found
ERROR tests/services/test_pipeline_stage.py::TestStageExecutor::test_start_stage_wrong_status
ERROR tests/services/test_pipeline_stage.py::TestStageExecutor::test_start_stage_previous_not_completed
ERROR tests/services/test_pipeline_stage.py::TestStageExecutor::test_fail_stage_success
ERROR tests/services/test_report_generator.py::TestReportGenerator::test_generate_report_with_tasks
ERROR tests/services/test_report_generator.py::TestReportGenerator::test_generate_report_with_milestones
ERROR tests/services/test_report_generator.py::TestStatisticsCollector::test_get_task_statistics
ERROR tests/test_api_helpers.py::TestStatsCalculator::test_get_status_distribution_no_filters
ERROR tests/test_api_helpers.py::TestStatsCalculator::test_get_status_distribution_with_filters
ERROR tests/test_api_helpers.py::TestStatsCalculator::test_get_average_no_filters
ERROR tests/test_api_helpers.py::TestStatsCalculator::test_get_average_with_filters
ERROR tests/test_api_helpers.py::TestStatsCalculator::test_get_average_empty_table
ERROR tests/test_api_helpers.py::TestEntityValidator::test_check_exists_not_found
ERROR tests/test_api_helpers.py::TestEntityValidator::test_check_not_exists_available
ERROR tests/test_api_helpers.py::TestEntityValidator::test_check_not_exists_conflict
ERROR tests/test_api_helpers.py::TestSearchHelper::test_build_search_query_case_insensitive
ERROR tests/test_integration.py::TestPaginationIntegration::test_large_dataset_pagination
ERROR tests/test_integration.py::TestPaginationIntegration::test_empty_page_handling
ERROR tests/test_main.py::TestRootEndpoints::test_root_endpoint - sqlalchemy....
ERROR tests/test_main.py::TestRootEndpoints::test_root_endpoint_content_type
ERROR tests/test_main.py::TestHealthEndpoints::test_health_check - sqlalchemy...
ERROR tests/test_main.py::TestHealthEndpoints::test_health_check_method_not_allowed
ERROR tests/test_main.py::TestPerformanceEndpoints::test_performance_stats - ...
ERROR tests/test_main.py::TestAPIDocumentation::test_openapi_schema - sqlalch...
ERROR tests/test_main.py::TestCORS::test_cors_headers_present - sqlalchemy.ex...
ERROR tests/test_main.py::TestCORS::test_cors_preflight_request - sqlalchemy....
ERROR tests/test_main.py::TestErrorHandling::test_405_method_not_allowed - sq...
ERROR tests/test_main.py::TestErrorHandling::test_422_validation_error - sqla...
ERROR tests/test_main.py::TestApplicationMetadata::test_app_version - sqlalch...
ERROR tests/test_owasp_security.py::TestSQLInjection::test_sql_injection_in_post_body
ERROR tests/test_owasp_security.py::TestSQLInjection::test_sql_injection_in_path_params
ERROR tests/test_owasp_security.py::TestSQLInjection::test_blind_sql_injection_time_based
ERROR tests/test_owasp_security.py::TestXSSAttacks::test_reflected_xss_in_query_params
ERROR tests/test_owasp_security.py::TestXSSAttacks::test_stored_xss_in_project_data
ERROR tests/test_owasp_security.py::TestAuthorizationSecurity::test_idor_vulnerability
ERROR tests/test_owasp_security.py::TestSensitiveDataExposure::test_sensitive_data_in_logs
ERROR tests/test_owasp_security.py::TestSecurityHeaders::test_cache_control_headers
ERROR tests/test_owasp_security.py::TestPathTraversal::test_path_traversal_in_file_access
ERROR tests/test_owasp_security.py::TestSSRF::test_ssrf_in_url_parameters - s...
ERROR tests/test_performance.py::TestAPIPerformance::test_list_projects_response_time
ERROR tests/test_performance.py::TestAPIPerformance::test_list_tasks_response_time
ERROR tests/test_performance.py::TestAPIPerformance::test_concurrent_requests_performance
ERROR tests/test_performance.py::TestAPIPerformance::test_large_dataset_pagination_performance
ERROR tests/test_performance.py::TestDatabasePerformance::test_bulk_insert_performance
ERROR tests/test_pipeline_services.py::TestStageExecutor::test_complete_stage_success
ERROR tests/test_pipeline_services.py::TestStageExecutor::test_skip_stage_success
ERROR tests/test_pipeline_services.py::TestComplianceChecker::test_validate_pipeline_not_initialized_success
ERROR tests/test_pipeline_services.py::TestComplianceChecker::test_validate_pipeline_not_initialized_already_exists
ERROR tests/test_pipeline_services.py::TestComplianceChecker::test_get_pipeline_progress_all_completed
ERROR tests/test_report_services.py::TestStatisticsCollector::test_collect_milestones
ERROR tests/test_report_services.py::TestStatisticsCollector::test_get_task_statistics_with_tasks
ERROR tests/test_report_services.py::TestReportGenerator::test_generate_report_empty_project
ERROR tests/test_security.py::TestAuthentication::test_protected_endpoint_with_expired_token
ERROR tests/test_security.py::TestAuthentication::test_login_with_invalid_credentials
ERROR tests/test_security.py::TestAuthorization::test_access_other_user_data
ERROR tests/test_security.py::TestAuthorization::test_delete_other_user_data
ERROR tests/test_security.py::TestAuthorization::test_admin_only_endpoints - ...
ERROR tests/test_security.py::TestDataExposure::test_error_message_not_expose_details
ERROR tests/test_security.py::TestDataExposure::test_stack_trace_not_exposed
ERROR tests/test_security.py::TestCSRFProtection::test_csrf_token_required - ...
ERROR tests/test_security.py::TestCSRFProtection::test_csrf_token_validation
ERROR tests/test_security.py::TestHeaders::test_security_headers_present - sq...
ERROR tests/test_security.py::TestHeaders::test_content_type_headers - sqlalc...
ERROR tests/test_security.py::TestHeaders::test_no_server_version_header - sq...
ERROR tests/test_security.py::TestRateLimiting::test_rate_limit_enforced - sq...
ERROR tests/test_security.py::TestRateLimiting::test_rate_limit_headers - sql...
ERROR tests/test_security.py::TestFileUpload::test_file_type_validation - sql...
ERROR tests/test_security.py::TestFileUpload::test_file_size_limit - sqlalche...
ERROR tests/test_sensitive_data_detection.py::TestAPIResponseSensitiveData::test_agent_api_no_sensitive_data
ERROR tests/test_sensitive_data_detection.py::TestAPIResponseSensitiveData::test_list_endpoints_no_sensitive_data
ERROR tests/test_sensitive_data_detection.py::TestConfigFileSensitiveData::test_env_file_not_exposed
ERROR tests/test_sensitive_data_detection.py::TestErrorMessagesSensitiveData::test_error_no_stack_trace
ERROR tests/test_sensitive_data_detection.py::TestLoggingSensitiveData::test_request_logs_no_passwords
ERROR tests/test_sensitive_data_detection.py::TestDataMasking::test_email_masking_in_list
ERROR tests/test_sensitive_data_detection.py::TestDataMasking::test_phone_masking
ERROR tests/test_sensitive_data_detection.py::TestResponseHeaders::test_no_server_version
ERROR tests/test_sensitive_data_detection.py::TestResponseHeaders::test_no_powered_by
ERROR tests/test_sensitive_data_detection.py::TestJSONResponseSecurity::test_no_unicode_bypass
ERROR tests/test_sensitive_data_detection.py::TestJSONResponseSecurity::test_json_content_type_enforced
ERROR tests/test_services.py::TestBaseCRUDService::test_get_by_id - sqlalchem...
ERROR tests/test_services.py::TestBaseCRUDService::test_get_or_404_success - ...
ERROR tests/test_services.py::TestBaseCRUDService::test_get_or_404_not_found
ERROR tests/test_services.py::TestBaseCRUDService::test_get_multi_no_filters
ERROR tests/test_services.py::TestBaseCRUDService::test_update - sqlalchemy.e...
ERROR tests/test_services.py::TestBaseCRUDService::test_delete_success - sqla...
ERROR tests/test_services.py::TestBaseCRUDService::test_count_with_filters - ...
ERROR tests/test_services.py::TestBaseCRUDService::test_exists_by_name_true
ERROR tests/test_services.py::TestBaseCRUDService::test_exists_by_name_false
ERROR tests/test_services.py::TestBaseCRUDService::test_exists_by_name_exclude_self
ERROR tests/test_services.py::TestBaseCRUDService::test_check_unique_name_conflict
ERROR tests/test_services.py::TestPerformanceService::test_performance_stats_structure
ERROR tests/test_services.py::TestPerformanceService::test_performance_timing
=== 141 failed, 628 passed, 745 warnings, 389 errors in 5161.92s (1:26:01) ====
